[   .00000Intialincgro ssy cse
[   0000] Itiizng cousubs c
    0000] nitilizi cro ssy cpuct
[  0.0000Lix ersi 4.0-1-gerc (bld@l01-a64010)gcversn 4.0 16609 buu 5.0-ubun1~.04. )#1-Uuntu S F Jan9 :48: U 218Ubtu4.4.11135-nec .4.9
   0.000 Comma le: BT_MAE=oot/vmnu-4.4-112enicrootAB=cloim-roofso onso=t1 cool=tS0[   .000] RN sppord us
[  00000  te Gennetel  0.0000   AD AuhentAMD   0.000]   ntr CeauHauls[   .0000]86fpu:state_fs[2]:57 xstate_zes[: 256    00000]86/fpuSuportng XVE ftu 0x0 '7 loin poit rester
  0.0000x8/fpuSuorti XVEfeate 02 'SSrester
    0.000000] 6/fp Suprtng XVE fate 04: VXegisrs'
[  .00000] 86/f: nabl xste atres 7,onte se s 83byes, in'sandad'orat.   0.000] x8fp Uing 'ly'FPU ntxt swihe
[   .0000]e8: BIOSprovide physicaRA map:[   0.0000] OS820:me0x00000000000x0000009fbf ubl
[  00000] OS82: [m 00000009fc00x000000fff] rerd
[   00000] BIOS-e820: [meem x00000000000-000000000fff]reseve
[   0.00] BI-e20[m 0000000001000-0000000feff] abe
[   .0000]IO-e82 [m 0x0000fff00-000000fffff]CPI at
[   0.00] IOS-82: [me 0000000ec0000-000000fec0ff] resve
[  00000] OS820:me0x000000e0000-x00000fe0fffrervd
[   00000]IOe820[mm 0x00000fff000-00000fffff] rerved
   0.00000]NX (ece isab) roctn:acti
   0.000 SMBS .5 pest.
[    00000Hypeis dtectd:VM
[  00000 e20: aspf= x7ff mx_ar_p = 000000    .000000] MTRR: Diabed
[   .000000] x86/PAT: MTRRs disabled, skipping PAT initialization too.
[    0.000000] CPU MTRRs all blank - virtualized system.
[    0.000000] x86/PAT: Configuration [0-7]: WB  WT  UC- UC  WB  WT  UC- UC  
[    0.000000] found SMP MP-table at [mem 0x0009fff0-0x0009ffff] mapped at [ffff88000009fff0]
[    0.000000] Scanning 1 areas for low memory corruption
[    0.000000] RAMDISK: [mem 0x36adc000-0x37565fff]
[    0.000000] ACPI: Early table checksum verification disabled
[    0.000000] ACPI: RSDP 0x00000000000E0000 000024 (v02 VBOX  )
[    0.000000] ACPI: XSDT 0x000000007FFF0030 00003C (v01 VBOX   VBOXXSDT 00000001 ASL  00000061)
[    0.000000] ACPI: FACP 0x000000007FFF00F0 0000F4 (v04 VBOX   VBOXFACP 00000001 ASL  00000061)
[    0.000000] ACPI: DSDT 0x000000007FFF0470 0021FF (v02 VBOX   VBOXBIOS 00000002 INTL 20100528)
[    0.000000]ACI: FACS 0x000000007FFF0200 000040
[    0.000000] ACPI: FACS 0x000000007FFF0200 000040
[    0.000000] ACPI: APIC 0x000000007FFF0240 00005C (v02 VBOX   VBOXAPIC 00000001 ASL  00000061)
[    0.000000] ACPI: SSDT 0x000000007FFF02A0 00C (v VX  VBOPU000002INTL01528)[  0.000 N NUMcoigrati foud    0.00] akg noe atme0x00000000000x000007efff
   0.0000] NDEDATA0)llocedme 0x7eb00-0ffffff
[   000000]vmlock Ung mrsb54d01 a 464d0
[   0.00] vm-cckcp 0, r 7ffe01prmarypu coc
[   .000 km-clk:usin sched ffetof 32659390 cycles
[    0.000000] clocksource: kvm-clock: mask: 0xffffffffffffffff max_cycles: 0x1cd42e4dffb, max_idle_ns: 881590591483 ns
[    0.000000] Zone ranges:
[    0.000000]   DMA      [mem 0x0000000000001000-0x0000000000ffffff]
[    0.000000]   DMA32    [mem 0x0000000001000000-0x000000007ffeffff]
[    0.000000]   Normal   empty
[    0.000000]   Device   empty
[    0.000000] Movable zone start for each node
[    0.000000] Early memory node ranges
[    0.000000]   node   0: [mem 0x0000000000001000-0x000000000009efff]
[    0.000000]   node   0: [mem 0x0000000000100000-0x000000007ffeffff]
[    0.000000] Initmem setup node 0 [mem 0x0000000000001000-0x000000007ffeffff]
[    0.000000] ACPI: PM-Timer IO Port: 0x4008
[    0.000000] IOAPIC[0]: apic_id 2, version 32, address 0xfec00000, GSI 0-23
[    0.000000] ACPI: INT_SRC_OVR (bus 0 bus_irq 0 global_irq 2 dfl dfl)
[    0.000000] ACPI: INT_SRC_OVR (bus 0 bus_irq 9 global_irq 9 low level)
[    0.000000] Using ACPI (MADT) for SMP configuration information
[    0.000000] smpboot: Allowing 2 CPUs, 0 hotplug CPUs
[    0.000000] PM: Registered nosave memory: [mem 0x00000000-0x00000fff]
[    0.000000] PM: Registered nosave memory: [mem 0x0009f000-0x0009ffff]
[    0.0000] : egted osavmery: me0x0a000-000efff]
[   000000 P Rgistedosavmeory:me0x00000-0x0fff
[  00000e8: mem 80000-0xbfff] valable for PCI dvices
[    0.00000]Botig paavrtaledkkerl onKV
[   0.0000 closoce refediffis:as: 0xffff m_cle: ffffff, x_le_n 755960015 n
[  00000 sup_prc: _CPU512 nrcpumskit:512nr_cpu_ids:2 nr_node_ids:1
[    0.000000] PERCPU: Embedded 34 pages/cpu @ffff88007fc00000 s99544 r8192 d31528 u1048576
[    0.000000] PV qspinlock hash table entries: 256 (order: 0, 4096 bytes)
[    0.000000] Built 1 zonelists in Node order, moblity goungn. Totl ges: 596
[    0000] Pic zon: A3
[  00000] Kernel command line: BOOT_IMAGE=/boot/vmlinuz-4.4.0-112-generic root=LABEL=cloudimg-rootfs ro console=tty1 console=ttyS0
[    0.000000] PID hash table entries: 4096 (order: 3, 32768 bytes)
[    0.000000] Memory: 2033932K/2096696K available (8499K kernel code, 1309K rwdata, 3988K rodata, 1508K init, 1316K bss, 62764K reserved, 0K cma-reserved)
[    0.000000] SLUB: HWalign=64, Order=0-3, MinObjects=0, CPUs=2, Nodes=1
[    0.000000] Kernel/User page tables isolation: enabled
[    0.000000] Hierarchical RCU implementation.
[    0.000000] 	Build-time adjustment of leaf fanout to 64.
[    0.000000] 	RCU restricting CPUs from NR_CPUS=51to nr_cpu_ids=2.
[    0.000000] RCU: Adjusting geometry for rcu_fanout_leaf=64, nr_cpu_ids=2
[    0.000000] NR_IRQS:33024 nr_irqs:440 16
[    0.000000] Console: colour VGA+ 80x25
[    0.000000] console [tty1] enabled
[    0.000000] console [ttyS0] enabled
[    0.000000] tsc: Detected 2494.240 MHz processor
[   16.153923] Calibrating delay loop (skipped) preset value.. 4988.48 BogoMIPS (lpj=9976960)
[   16.155255] pid_max: default: 32768 minimum: 301
[   16.155951] ACPI: Core revision 20150930
[   16.157388] ACPI: 2 ACPI AML tables successfully acquired and loaded
[   16.158414] Security Framework initialized
[   16.159074] Yama: becoming mindful.
[   16.159659] AppArmor: AppArmor initialized
[  16.162162] Dentry cache hash table entries: 262144 (order: 9, 2097152 bytes)
[   16.173716] Inode-cache hash table entries: 131072 (order: 8, 1048576 bytes)
[   16.176597] Mount-cache hash table entries: 4096 (order: 3, 32768 bytes)
[   16.412518] Mountpoint-cache hash table entries: 4096 (order: 3, 32768 bytes)
[   16.639342] Initializing cgroup subsys io
[   16.688694] Initializing cgroup subsys memory
[   16.727498] Initializing cgroup subsys devices
[   16.788886] Initializing cgroup subsys freezer
[   16.957002] Initializing cgroup subsys net_cls
[   17.115355] Initializing cgroup subsys perf_event
[   17.288430] Initializing cgroup subsys net_prio
[   17.426400] Initializing cgroup subsys hugetlb
[   17.565083] Initializing cgroup subsys pids
[   17.675141] CPU: Physical Processor ID: 0
[   17.790051] CPU: Processor Core ID: 0
[   17.884889] FEATURE SPEC_CTRL Not Present
[   18.037593] mce: CPU supports 0 MCE banks
[   18.156667] Last level iTLB entries: 4KB 1024, 2MB 1024, 4MB 1024
[   18.363803] Last level dTLB entries: 4KB 1024, 2MB 1024, 4MB 1024, 1GB 4
[   18.581473] Freeing SMP alternatives memory: 32K
[   18.752558] ftrace: allocating 32180 entries in 126 pages
[   18.959952] smpboot: APIC(0) Converting physical 0 to logical package 0
[   19.172304] smpboot: Max logical packages: 1
[   19.299573] x2apic enabled
[   19.390399] Switched APIC routing to physical x2apic.
[   19.392129] ..TIMER: vector=0x30 apic1=0 pin1=2 apic2=-1 pin2=-1
[   19.501443] smpboot: CPU0: Intel(R) Core(TM) i7-4710HQ CPU @ 2.50GHz (family: 0x6, model: 0x3c, stepping: 0x3)
[   19.818199] Performance Events: unsupported p6 CPU model 60 no PMU driver, software events only.
[   19.899497] KVM setup paravirtual spinlock
[   19.902548] x86: Booting SMP configuration:
[   19.908688] .... node  #0, CPUs:      #1
[   19.909398] kvm-clock: cpu 1, msr 0:7ffe3041, secondary cpu clock
[   19.973800] mce: CPU supports 0 MCE banks
[   19.978748] x86: Booted up 1 node, 2 CPUs
[   20.007357] smpboot: Total of 2 processors activated (9976.96 BogoMIPS)
[   20.130831] devtmpfs: initialized
[   20.145216] evm: security.selinux
[   20.145808] evm: security.SMACK64
[   20.162676] evm: security.SMACK64EXEC
[   20.163307] evm: security.SMACK64TRANSMUTE
[   20.193869] evm: security.SMACK64MMAP
[   20.316155] evm: security.ima
[   20.418706] evm: security.capability
[   20.552862] clocksource: jiffies: mask: 0xffffffff max_cycles: 0xffffffff, max_idle_ns: 7645041785100000 ns
[   20.886314] futex hash table entries: 512 (order: 3, 32768 bytes)
[   21.059569] pinctrl core: initialized pinctrl subsystem
[   21.115068] RTC time: 10:18:46, date: 02/06/18
[   21.115899] NET: Registered protocol family 16
[   21.127002] cpuidle: using governor ladder
[   21.210067] cpuidle: using governor menu
[   21.214584] PCCT header not found.
[   21.215236] ACPI: bus type PCI registered
[   21.215901] acpiphp: ACPI Hot Plug PCI Controller Driver version: 0.5
[   21.216941] PCI: Using configuration type 1 for base access
[   21.231463] ACPI: Added _OSI(Module Device)
[   21.376072] ACPI: Added _OSI(Processor Device)
[   21.524723] ACPI: Added _OSI(3.0 _SCP Extensions)
[   21.676397] ACPI: Added _OSI(Processor Aggregator Device)
[   21.807665] ACPI: Executed 1 blocks of module-level executable AML code
[   22.027687] ACPI: Interpreter enabled
[   22.054654] ACPI: (supports S0 S5)
[   22.129674] ACPI: Using IOAPIC for interrupt routing
[   22.249229] PCI: Using host bridge windows from ACPI; if necessary, use "pci=nocrs" and report a bug
[   22.516108] ACPI: PCI Root Bridge [PCI0] (domain 0000 [bus 00-ff])
[   22.711435] acpi PNP0A03:00: _OSC: OS supports [ASPM ClockPM Segments MSI]
[   22.965740] acpi PNP0A03:00: _OSC: not requesting OS control; OS requires [ExtendedConfig ASPM ClockPM MSI]
[   23.246535] acpi PNP0A03:00: fail to add MMCONFIG information, can't access extended PCI configuration space under this bridge.
[   23.572342] PCI host bridge to bus 0000:00
[   23.695917] pci_bus 0000:00: root bus resource [io  0x0000-0x0cf7 window]
[   23.950152] pci_bus 0000:00: root bus resource [io  0x0d00-0xffff window]
[   24.189058] pci_bus 0000:00: root bus resource [mem 0x000a0000-0x000bffff window]
[   24.371575] pci_bus 0000:00: root bus resource [mem 0x80000000-0xfdffffff window]
[   24.372753] pci_bus 0000:00: root bus resource [bus 00-ff]
[   24.436736] pci 0000:00:01.1: legacy IDE quirk: reg 0x10: [io  0x01f0-0x01f7]
[   24.611972] pci 0000:00:01.1: legacy IDE quirk: reg 0x14: [io  0x03f6]
[   24.774750] pci 0000:00:01.1: legacy IDE quirk: reg 0x18: [io  0x0170-0x0177]
[   24.818265] pci 0000:00:01.1: legacy IDE quirk: reg 0x1c: [io  0x0376]
[   24.884054] pci 0000:00:07.0: quirk: [io  0x4000-0x403f] claimed by PIIX4 ACPI
[   24.928102] pci 0000:00:07.0: quirk: [io  0x4100-0x410f] claimed by PIIX4 SMB
[   25.091263] ACPI: PCI Interrupt Link [LNKA] (IRQs 5 9 10 *11)
[   25.141605] ACPI: PCI Interrupt Link [LNKB] (IRQs 5 9 *10 11)
[   25.158351] ACPI: PCI Interrupt Link [LNKC] (IRQs 5 *9 10 11)
[   25.159571] ACPI: PCI Interrupt Link [LNKD] (IRQs 5 9 10 *11)
[   25.160837] ACPI: Enabled 2 GPEs in block 00 to 07
[   25.161834] vgaarb: setting as boot device: PCI:0000:00:02.0
[   25.201867] vgaarb: device added: PCI:0000:00:02.0,decodes=io+mem,owns=io+mem,locks=none
[   25.207139] vgaarb: loaded
[   25.265861] vgaarb: bridge control possible 0000:00:02.0
[   25.291915] SCSI subsystem initialized
[   25.292677] ACPI: bus type USB registered
[   25.337331] usbcore: registered new interface driver usbfs
[   25.388930] usbcore: registered new interface driver hub
[   25.443144] usbcore: registered new device driver usb
[   25.461647] PCI: Using ACPI for IRQ routing
[   25.474307] NetLabel: Initializing
[   25.485518] NetLabel:  domain hash size = 128
[   25.512731] NetLabel:  protocols = UNLABELED CIPSOv4
[   25.573126] NetLabel:  unlabeled traffic allowed by default
[   25.616699] amd_nb: Cannot enumerate AMD northbridges
[   25.687342] clocksource: Switched to clocksource kvm-clock
[   .783 AArr:ppmoFisyemnaed[ 263959pn PP CPI iit
[ 26262]npPnAC: un3 vis
[   27.200590] clocksource: acpi_pm: mask: 0xffffff max_cycles: 0xffffff, max_idle_ns: 2085701024 ns
[   27.231312] NET: Registered protocol family 2
[   27.232115] TCP established hash table entries: 16384 (order: 5, 131072 bytes)
[   27.234573] TCP bind hash table entries: 16384 (order: 6, 262144 bytes)
[   27.235512] TCP: Hash tables configured (established 16384 bind 16384)
[   27.236469] UDP hash table entries: 1024 (order: 3, 32768 bytes)
[   27.247189] UDP-Lite hash table entries: 1024 (order: 3, 32768 bytes)
[   27.358113] NET: Registered protocol family 1
[   27.480259] pci 0000:00:00.0: Limiting direct PCI/PCI transfers
[   27.608658] pci 0000:00:01.0: Activating ISA DMA hang workarounds
[   27.646582] Unpacking initramfs...
[   .840 Fei itrmery102K
[   .395 RL U teed, I its -3Joes4 xecote 13782 mov ter[ 318956 hun o daippco 20 ul
[   32.212730] hw unit of domain package 2^-0 Joules
[   32.282372] hw unit of domain dram 2^-0 Joules
[   32.323346] hw unit of domain pp1-gpu 2^-0 Joules
[   2.75] laorrtcmosrestedlaor R dic(nPNdevice found)
[  3.323 Snng r w moryorptn er60ecds
[   34.099] c:efedSClosocealraon244.00MH

[   38219clksrc t: sk0xffffffffaxycs:x231b0f4 m_ie_: 072257s[   .894 aitiniazi nli sbsysdibl)
[   34.823950] audit: type=2000 audit(1517912320.102:1): initialized
[   34.824205] Initialise system trusted keyring
[   34.824277] HugeTLB registered 2 MB page size, pre-allocated 0 pages
[   34.825341] zbud: loaded
[   34.825466] VFS: Disk quotas dquot_6.6.0
[   34.825488] VFS: Dquot-cache hash table entries: 512 (order 0, 4096 bytes)
[   34.825678] squashfs: version 4.0 (2009/01/31) Phillip Lougher
[   34.825838] fuse init (API version 7.23)
[   34.825925] Key type big_key registered
[   34.825965] Allocating IMA MOK and blacklist keyrings.
[   34.826106] Key type asymmetric registered
[   34.826108] Asymmetric key parser 'x509' registered
[   34.826132] Block layer SCSI generic (bsg) driver version 0.4 loaded (major 249)
[   34.826145] io scheduler noop registered
[   34.826147] io scheduler deadline registered (default)
[   34.826166] io scheduler cfq registered
[   34.826227] pci_hotplug: PCI Hot Plug PCI Core version: 0.5
[   34.826231] pciehp: PCI Express Hot Plug Controller Driver version: 0.4
[   34.826339] ACPI: AC Adapter [AC] (off-line)
[   34.826379] input: Power Button as /devices/LNXSYSTM:00/LNXPWRBN:00/input/input0
[   34.826381] ACPI: Power Button [PWRF]
[   34.826433] input: Sleep Button as /devices/LNXSYSTM:00/LNXSLPBN:00/input/input1
[   34.826434] ACPI: Sleep Button [SLPF]
[   34.826533] GHES: HEST is not enabled!
[   34.826586] Serial: 8250/16550 driver, 32 ports, IRQ sharing enabled
[   36.113374] 00:02: ttyS0 at I/O 0x3f8 (irq = 4, base_baud = 115200) is a 16550A
[   36.875868] Linux agpgart interface v0.103
[   37.070429] loop: module loaded
[   37.072167] scsi host0: ata_piix
[   37.072328] scsi host1: ata_piix
[   37.072421] ata1: PATA max UDMA/33 cmd 0x1f0 ctl 0x3f6 bmdma 0xd000 irq 14
[   37.072424] ata2: PATA max UDMA/33 cmd 0x170 ctl 0x376 bmdma 0xd008 irq 15
[   37.072677] libphy: Fixed MDIO Bus: probed
[   37.072682] tun: Universal TUN/TAP device driver, 1.6
[   37.072684] tun: (C) 1999-2004 Max Krasnyansky <maxk@qualcomm.com>
[   37.072784] PPP generic driver version 2.4.2
[   37.072914] ehci_hcd: USB 2.0 'Enhanced' Host Controller (EHCI) Driver
[   37.072923] ehci-pci: EHCI PCI platform driver
[   37.072946] ehci-platform: EHCI generic platform driver
[   37.072966] ohci_hcd: USB 1.1 'Open' Host Controller (OHCI) Driver
[   37.072973] ohci-pci: OHCI PCI platform driver
[   37.072997] ohci-platform: OHCI generic platform driver
[   37.073015] uhci_hcd: USB Universal Host Controller Interface driver
[   37.073154] i8042: PNP: PS/2 Controller [PNP0303:PS2K,PNP0f03:PS2M] at 0x60,0x64 irq 1,12
[   37.076167] ACPI: Battery Slot [BAT0] (battery present)
[   37.200077] serio: i8042 KBD port at 0x60,0x64 irq 1
[   37.200081] serio: i8042 AUX port at 0x60,0x64 irq 12
[   37.200174] mousedev: PS/2 mouse device common for all mice
[   37.200404] rtc_cmos rtc_cmos: rtc core: registered rtc_cmos as rtc0
[   37.200447] rtc_cmos rtc_cmos: alarms up to one day, 114 bytes nvram
[   37.200452] i2c /dev entries driver
[   37.200491] device-mapper: uevent: version 1.0.3
[   37.200529] device-mapper: ioctl: 4.34.0-ioctl (2015-10-28) initialised::dm-devel@redhat.com
[   37.200545] ledtrig-cpu: registered to indicate activity on CPUs
[   37.200792] NET: Registered protocol family 10
[   37.200904] NET: Registered protocol family 17
[   37.200912] Key type dns_resolver registered
[   37.371902] microcode: CPU0 sig=0x306c3, pf=0x40, revision=0x0
[   37.371986] microcode: CPU1 sig=0x306c3, pf=0x40, revision=0x0
[   37.372039] microcode: Microcode Update Driver: v2.01 <tigran@aivazian.fsnet.co.uk>, Peter Oruba
[   37.372128] registered taskstats version 1
[   37.372138] Loading compiled-in X.509 certificates
[   37.372708] Loaded X.509 cert 'Build time autogenerated kernel key: 4c603087bab8f0a02cb3b4e1fb4c40f507e71ef1'
[   37.372724] zswap: loaded using pool lzo/zbud
[   37.374014] Key type trusted registered
[   37.376370] Key type encrypted registered
[   37.376374] AppArmor: AppArmor sha1 policy hashing enabled
[   37.376377] ima: No TPM chip found, activating TPM-bypass!
[   37.376390] evm: HMAC attrs: 0x1
[   37.376645]   Magic number: 6:754:324
[   37.376660] tty tty49: hash matches
[   37.376670] acpi PNP0B00:00: hash matches
[   37.392948] rtc_cmos rtc_cmos: setting system clock to 2018-02-06 10:19:02 UTC (1517912342)
[   37.393347] BIOS EDD facility v0.16 2004-Jun-25, 0 devices found
[   37.393348] EDD information not available.
[   37.945019] input: AT Translated Set 2 keyboard as /devices/platform/i8042/serio0/input/input2
[   45.302695] Freeing unused kernel memory: 1508K
[   45.304675] Write protecting the kernel read-only data: 14336k
[   45.305849] Freeing unused kernel memory: 1728K
[   45.306763] Freeing unused kernel memory: 108K
Loading, please [   45.318715] random: systemd-udevd: uninitialized urandom read (16 bytes read, 3 bits of entropy available)
wait...
startin[   45.319181] random: udevadm: uninitialized urandom read (16 bytes read, 3 bits of entropy available)
g version 229
[   45.319203] random: udevadm: uninitialized urandom read (16 bytes read, 3 bits of entropy available)
[   45.327122] random: udevadm: uninitialized urandom read (16 bytes read, 3 bits of entropy available)
[   45.327159] random: udevadm: uninitialized urandom read (16 bytes read, 3 bits of entropy available)
[   45.327328] random: udevadm: uninitialized urandom read (16 bytes read, 3 bits of entropy available)
[   45.327379] random: udevadm: uninitialized urandom read (16 bytes read, 3 bits of entropy available)
[   45.327427] random: udevadm: uninitialized urandom read (16 bytes read, 3 bits of entropy available)
[   45.327518] random: udevadm: uninitialized urandom read (16 bytes read, 3 bits of entropy available)
[   45.327579] random: udevadm: uninitialized urandom read (16 bytes read, 3 bits of entropy available)
[   46.756279] e1000: Intel(R) PRO/1000 Network Driver - version 7.3.21-k8-NAPI
[   46.971817] e1000: Copyright (c) 1999-2006 Intel Corporation.
[   46.971891] Fusion MPT base driver 3.04.20
[   46.971891] Copyright (c) 1999-2008 LSI Corporation
[   47.282032] Fusion MPT SPI Host driver 3.04.20
[   47.430171] AVX2 version of gcm_enc/dec engaged.
[   47.463185] AES CTR mode by8 optimization enabled
[   47.644265] input: ImExPS/2 Generic Explorer Mouse as /devices/platform/i8042/serio1/input/input4
[   47.849636] e1000 0000:00:03.0 eth0: (PCI:33MHz:32-bit) 02:1f:2a:60:99:e3
[   48.092661] e1000 0000:00:03.0 eth0: Intel(R) PRO/1000 Network Connection
[   48.736071] e1000 0000:00:08.0 eth1: (PCI:33MHz:32-bit) 08:00:27:28:35:85
[   48.781146] e1000 0000:00:08.0 eth1: Intel(R) PRO/1000 Network Connection
[   48.782656] mptbase: ioc0: Initiating bringup
[   48.783063] e1000 0000:00:08.0 enp0s8: renamed from eth1
[   49.088144] e1000 0000:00:03.0 enp0s3: renamed from eth0
[   49.143506] ioc0: LSI53C1030 A0: Capabilities={Initiator}
[   49.469666] scsi host2: ioc0: LSI53C1030 A0, FwRev=00000000h, Ports=1, MaxQ=256, IRQ=20
[   49.817079] scsi 2:0:0:0: Direct-Access     VBOX     HARDDISK         1.0  PQ: 0 ANSI: 5
[   49.882391] scsi target2:0:0: Beginning Domain Validation
[   49.888380] scsi target2:0:0: Domain Validation skipping write tests
[   49.892196] scsi target2:0:0: Ending Domain Validation
[   49.893055] scsi target2:0:0: asynchronous
[   49.897307] scsi 2:0:1:0: Direct-Access     VBOX     HARDDISK         1.0  PQ: 0 ANSI: 5
[   49.898584] scsi target2:0:1: Beginning Domain Validation
[   49.983186] scsi target2:0:1: Domain Validation skipping write tests
[   50.153307] scsi target2:0:1: Ending Domain Validation
[   50.294008] floppy0: no floppy controllers found
[   50.412104] scsi target2:0:1: asynchronous
[   50.520451] sd 2:0:0:0: Attached scsi generic sg0 type 0
[   50.692960] sd 2:0:0:0: [sda] 20971520 512-byte logical blocks: (10.7 GB/10.0 GiB)
[   50.903223] sd 2:0:0:0: [sda] Write Protect is off
[   50.959973] sd 2:0:1:0: [sdb] 20480 512-byte logical blocks: (10.5 MB/10.0 MiB)
[   50.960071] sd 2:0:1:0: Attached scsi generic sg1 type 0
[   51.142672] sd 2:0:0:0: [sda] Incomplete mode parameter data
[   51.142893] sd 2:0:1:0: [sdb] Write Protect is off
[   51.143059] sd 2:0:1:0: [sdb] Incomplete mode parameter data
[   51.143060] sd 2:0:1:0: [sdb] Assuming drive cache: write through
[   51.155291] sd 2:0:0:0: [sda] Assuming drive cache: write through
[   51.158204]  sda: sda1
[   51.158627] sd 2:0:1:0: [sdb] Attached SCSI disk
[   51.176704] sd 2:0:0:0: [sda] Attached SCSI disk
Begin: Loading e[   52.528348] md: linear personality registered for level -1
ssential drivers ... [   52.675653] md: multipath personality registered for level -4
[   52.874571] md: raid0 personality registered for level 0
[   52.907850] md: raid1 personality registered for level 1
[   53.123771] raid6: sse2x1   gen()  3301 MB/s
[   53.235653] raid6: sse2x1   xor()  4851 MB/s
[   53.427756] raid6: sse2x2   gen()  8896 MB/s
[   53.631578] raid6: sse2x2   xor()  5762 MB/s
[   53.783688] raid6: sse2x4   gen() 15043 MB/s
[   53.935651] raid6: sse2x4   xor()  6905 MB/s
[   54.027527] raid6: avx2x1   gen() 13685 MB/s
[   54.111562] raid6: avx2x2   gen() 16206 MB/s
[   54.235442] raid6: avx2x4   gen()  5344 MB/s
[   54.266605] raid6: using algorithm avx2x2 gen() 16206 MB/s
[   54.288733] raid6: using avx2x2 recovery algorithm
[   54.320108] xor: automatically using best checksumming function:
[   54.399949]    avx       : 19626.000 MB/sec
[   54.428162] async_tx: api initialized (async)
[   54.436156] md: raid6 personality registered for level 6
[   54.439256] md: raid5 personality registered for level 5
[   54.463274] md: raid4 personality registered for level 4
[   54.468916] md: raid10 personality registered for level 10
done.
Begin: Running /scripts/init-premount ... done.
Begin: Mounti[   54.507057] Btrfs loaded
ng root file system ... Begin: Running /scripts/local-top ... done.
Begin: Running /scripts/local-premount ... Scanning for Btrfs filesystems
[   54.665626] EXT4-fs (sda1): mounted filesystem with ordered data mode. Opts: (null)
done.
Warning: fsck not present, so skipping root file system
done.
Begin: Running /scripts/local-bottom ... done.
Begin: Running /scripts/init-bottom ... done.
[   54.867018] systemd[1]: systemd 229 running in system mode. (+PAM +AUDIT +SELINUX +IMA +APPARMOR +SMACK +SYSVINIT +UTMP +LIBCRYPTSETUP +GCRYPT +GNUTLS +ACL +XZ -LZ4 +SECCOMP +BLKID +ELFUTILS +KMOD -IDN)
[   55.148709] systemd[1]: Detected virtualization oracle.
[   55.162528] systemd[1]: Detected architecture x86-64.

Welcome to [1mUbuntu 16.04.3 LTS[0m!

[   55.220907] systemd[1]: Set hostname to <ubuntu>.
[   55.245714] systemd[1]: Initializing machine ID from random generator.
[   55.254522] systemd[1]: Installed transient /etc/machine-id file.
[ 55460]ysmd]: Ltein o Journal Socket.
[[0;32m  OK  [0m] Listening on Journal Socket.
[   55.8916 ste[1 Ltengon Jurna Soct delo).

[[0;32m  OK  [0m] Listening on Journal Socket (/dev/log).
[   56.2455 stemd[1 Ltengn VMpo dmo ske
[[0;32m  OK  [0m] Listening on LVM2 poll daemon socket.
[   57.300293] systemd[1]: Created slice System Slic.
[[0;32m  OK  [0m] Created slice System Slice.
[ 571167 system[1: Reached aretwa
[[0;32m  OK  [0m] Reached target Swap.
[   57.892526] systemd[1]: Listening on udev Control Socket.
[[0;32m  OK  [0m] Listening on udev Control Socket.
[ 576466 sstmd1] StartedorrdasorReess o al Directory Watch.
[[0;32m  OK  [0m] Started Forward Password Requests to Wall Directory Watch.
[   58.760326] systemd[1]: Starting Nameserver information manager...
         Starting Nameserver information manager...
[   58.896374] systemd[1]: Starting Create list of required static device nodes for the current kernel...
         Starting Create list of required st... nodes for the current kernel...
[   59.241232] systemd[1]: Starting Load Kernel Modules...
         [   59.302792] Loading iSCSI transport class v2.0-870.
Starting Load Ke[   59.483320] iscsi: registered transport (tcp)
rnel Modules...[   59.644724] random: nonblocking pool is initialized

[   59.735875] systemd[1]: Mounting POSIX Message Queue File System...
         Mounting POSIX Message Queue File System...
[   59.776381] iscsi: registered transport (iser)
[   59.780215] systemd[1]: Starting Set console keymap...
         Starting Set console keymap...
[   59.875953] systemd[1]: Listening on /dev/initctl Compatibility Named Pipe.
[[0;32m  OK  [0m] Listening on /dev/initctl Compatibility Named Pipe.
[   59.940331] systemd[1]: Listening on Device-mapper event daemon FIFOs.
[[0;32m  OK  [0m] Listening on Device-mapper event daemon FIFOs.
[   60.007563] systemd[1]: Reached target User and Group Name Lookups.
[[0;32m  OK  [0m] Reached target User and Group Name Lookups.
[   60.020295] systemd[1]: Starting Remount Root and Kernel File Systems...
         [   60.035024] EXT4-fs (sda1): re-mounted. Opts: (null)
Starting Remount Root and Kernel File Systems...
[   60.284192] systemd[1]: Mounting Debug File System...
         Mounting Debug File System...
[ 60213]systmd[1: ard Trigger resolvconf update for networkd DNS.
[[0;32m  OK  [0m] Started Trigger resolvconf update for networkd DNS.
[ 61689]ysemd[1]: Reached target Encrypted Volumes.
[[0;32m  OK  [0m] Reached target Encrypted Volumes.
[   61.344218] systemd[1]: Created slice system-serial\x2dgetty.slice.
[[0;32m  OK  [0m] Created slice system-serial\x2dgetty.slice.
[ 61876]ysemd[1]Seupautomount Arbitrary Executable File Formats File System Automount Point.
[[0;32m  OK  [0m] Set up automount Arbitrary Executab...ats File System Automount Point.
[   61.920487] systemd[1]: Listening on Journal Audit Socket.
[[0;32m  OK  [0m] Listening on Journal Audit Socket.
[ 62632] ste[1 Ltengn everne Scket

[[0;32m  OK  [0m] Listening on udev Kernel Socket.
[   62.808094] systemd[1]: Mounting Huge Pages File System...
         Mounting Huge Pages File System...
[ 62605]ysmd[1: Crtesle erndesonlie.
[[0;32m  OK  [0m] Created slice User and Session Slice.
[ 63.833 ste[1 Rch tget Slices.
[[0;32m  OK  [0m] Reached target Slices.
[   64.299476] systemd[1]: Listening on LVM2 metadata daemon socket.
[[0;32m  OK  [0m] Listening on LVM2 metadata daemon socket.
[   64.324197] systemd[1]: Starting Monitoring of LVM2 mirrors, snapshots etc. using dmeventd or progress polling...
         Starting Monitoring of LVM2 mirrors... dmeventd or progress polling...
[ 64768874] std[: stinonysg ckt.
[[0;32m  OK  [0m] Listening on Syslog Socket.
[   65.347500] systemd[1]: Starting Journal Service...
         Starting Journal Service...
[   65.423689] systemd[1]: Starting Uncomplicated firewall...
         Starting Uncomplicated firewall...
[   65.648519] systemd[1]: Mounted Huge Pages File System.
[[0;32m  OK  [0m] Mounted Huge Pages File System.
[ 65107] sysmd]:ouedebugilSyem
[[0;32m  OK  [0m] Mounted Debug File System.
[   6.7920] std[: und SIMessagQue leysm.
[[0;32m  OK  [0m] Mounted POSIX Message Queue File System.
[ 67.62806sytemd[1]:taedoual Svi.
[[0;32m  OK  [0m] Started Journal Service.
[[0;32m  OK  [0m] Started Create list of required sta...ce nodes for the current kernel.
[[0;32m  OK  [0m] Started Load Kernel Modules.
[[0;32m  OK  [0m] Started Set console keymap.
[[0;32m  OK  [0m] Started Remount Root and Kernel File Systems.
[[0;32m  OK  [0m] Started Uncomplicated firewall.
[[0;32m  OK  [0m] Started Nameserver information manager.
[[0;32m  OK  [0m] Started LVM2 metadata daemon.
         Starting Load/Save Random Seed...
         Starting udev Coldplug all Devices...
         Starting Initial cloud-init job (pre-networking)...
         Mounting FUSE Control File System...
         Starting Apply Kernel Variables...
         Starting Create Static Device Nodes in /dev...
         Starting Flush Journal to Persistent Storage...
[[0;32m  OK  [0m] Mounted FUSE Control File System.
[[0;32m  OK  [0m] Started Load/Save Random Seed.
[[0;32m  OK  [0m] Started Apply Kernel Variables.
[[0;32m  OK  [0m] Started Create Static Device Nodes in /dev.
[[0;32m  OK  [0m] Started udev Coldplug all Devices.
[[0;32m  OK  [0m] Started Monitoring of LVM2 mirrors,...ng dmeventd or progress polling.
[[0;32m  OK  [0m] Started Flush Journal to Persistent Storage.
         Starting udev Kernel Device Manager...
[[0;32m  OK  [0m] Started udev Kernel Device Manager.
[[0;32m  OK  [0m] Reached target Local File Systems (Pre).
[[0;32m  OK  [0m] Reached target Local File Systems.
         Starting Create Volatile Files and Directories...
         Starting Tell Plymouth To Write Out Runtime Data...
         Starting LSB: AppArmor initialization...
         Starting Set console font and keymap...
         Starting Commit a transient machine-id on disk...
[[0;32m  OK  [0m] Started Dispatch Password Requests to Console Directory Watch.
[[0;32m  OK  [0m] Started Create Volatile Files and Directories.
[[0;32m  OK  [0m] Started Tell Plymouth To Write Out Runtime Data.
[[0;32m  OK  [0m] Started Commit a transient machine-id on disk.
[   45.390381] cloud-init[443]: Cloud-init v. 17.1 running 'init-local' at Tue, 06 Feb 2018 10:19:35 +0000. Up 44.88 seconds.
[[0;32m  OK  [0m] Started Initial cloud-init job (pre-networking).
[[0;32m  OK  [0m] Found device /dev/ttyS0.
[[0;32m  OK  [0m] Listening on Load/Save RF Kill Switch Status /dev/rfkill Watch.
[[0;32m  OK  [0m] Reached target Network (Pre).
[[0;32m  OK  [0m] Reached target System Time Synchronized.
         Starting Update UTMP about System Boot/Shutdown...
[[0;32m  OK  [0m] Started Update UTMP about System Boot/Shutdown.
[[0;32m  OK  [0m] Started Set console font and keymap.
[[0;32m  OK  [0m] Started LSB: AppArmor initialization.
         Starting Raise network interfaces...
[[0;32m  OK  [0m] Created slice system-getty.slice.
[[0;32m  OK  [0m] Started Raise network interfaces.
         Starting Initial cloud-init job (metadata service crawler)...
[[0;32m  OK  [0m] Reached target Network.
[   49.961865] cloud-init[949]: Cloud-init v. 17.1 running 'init' at Tue, 06 Feb 2018 10:19:38 +0000. Up 48.75 seconds.
[   50.009784] cloud-init[949]: ci-info: ++++++++++++++++++++++++++++++++++++++Net device info++++++++++++++++++++++++++++++++++++++
[   50.062647] [cloud-init[0;32m  OK  [0m[949]: ] ci-info: +--------+-------+----------------------------+---------------+-------+-------------------+Started Initial cloud-init job (metadata service crawler).

[   50.063039] cloud-init[949]: ci-info: | Device |   Up  |          Address           |      Mask     | Scope |     Hw-Address    |
[[0;32m  OK  [0m] Reached target System Initialization.
[[0;32m  OK  [0m] Started Daily Cleanup of Temporary Directories.
[[0;32m  OK  [0m] Listening on UUID daemon activation socket.
[   50.128380] cloud-init[949]: ci-info: +--------+-------+----------------------------+---------------+-------+-------------------+
[   50.397677]          cloud-initStarting Socket activation for snappy daemon.[949]: 
ci-info: | enp0s3 |  True |         10.0.2.15          | 255.255.255.0 |   .   | 02:1f:2a:60:99:e3 |
[   50.536862] [cloud-init[0;32m  OK  [0m[949]: ] ci-info: | enp0s3 |  True | fe80::1f:2aff:fe60:99e3/64 |       .       |  link | 02:1f:2a:60:99:e3 |Started Timer to automatically refresh installed snaps.

[   50.537232]          Starting LXD - unix socket.
[[0;32m  OK  [0m] Listening on D-Bus System Message Bus Socket.
[[0;32m  OK  [0m] Started ACPI Events Check.
[[0;32m  OK  [0m] Reached target Paths.
cloud-init[949]: ci-info: | enp0s8 | False |             .              |       .       |   .   | 08:00:27:28:35:85 |
[   50.880665] [cloud-init[0;32m  OK  [0m[949]: ] ci-info: |   lo   |  True |         127.0.0.1          |   255.0.0.0   |   .   |         .         |Listening on ACPID Listen Socket.

[   50.881514] [cloud-init[0;32m  OK  [0m[949]: ] ci-info: |   lo   |  True |          ::1/128           |       .       |  host |         .         |Reached target Cloud-config availability.

[   51.241943] [cloud-init[0;32m  OK  [0m[949]: ] ci-info: +--------+-------+----------------------------+---------------+-------+-------------------+Reached target Network is Online.

[   51.242355] cloud-init[949]: ci-info: +++++++++++++++++++++++++++Route IPv4 info++++++++++++++++++++++++++++
[   51.437316]          cloud-initStarting iSCSI initiator daemon (iscsid)...[949]: 
ci-info: +-------+-------------+----------+---------------+-----------+-------+
[   51.536663] [cloud-init[0;32m  OK  [0m[949]: ] ci-info: | Route | Destination | Gateway  |    Genmask    | Interface | Flags |Started Daily apt download activities.

[   51.537065] [cloud-init[0;32m  OK  [0m[949]: ] ci-info: +-------+-------------+----------+---------------+-----------+-------+Started Daily apt upgrade and clean activities.

[   51.599559] [cloud-init[0;32m  OK  [0m[949]: ] ci-info: |   0   |   0.0.0.0   | 10.0.2.2 |    0.0.0.0    |   enp0s3  |   UG  |Reached target Timers.

[   51.702545] cloud-init[949]: ci-info: |   1   |   10.0.2.0  | 0.0.0.0  | 255.255.255.0 |   enp0s3  |   U   |
[   51.887811] [[0;32m  OK  [0m] Listening on Socket activation for snappy daemon.
cloud-init[949]: ci-info: +-------+-------------+----------+---------------+-----------+-------+
[   52.040804] [cloud-init[0;32m  OK  [0m[949]: ] Generating public/private rsa key pair.Listening on LXD - unix socket.

[   52.041162] cloud-init[949]: Your identification has been saved in /etc/ssh/ssh_host_rsa_key.
[   52.201241] cloud-init[949]: Your public key has been saved in /etc/ssh/ssh_host_rsa_key.pub.
[   52.277264] cloud-init[949]: The key fingerprint is:
[   52.345180] cloud-init[949]: SHA256:wo8TVjrYZktJzhV/2x8gvFxP0UeX2PnkI6f4x3MUlH4 root@ubuntu-xenial
[   52.365324] cloud-init[949]: The key's randomart image is:
[[0;32m  OK  [0m] Started iSCSI initiator daemon (iscsid).
[   52.420484] cloud-init[949]: +---[RSA 2048]----+
[   52.705347] cloud-init[949]: |        .     ooB|
[   52.721274] cloud-init[949]: |         o.  . **|
[   52.721509] cloud-init[949]: |      . o .o.oo+o|
         Starting Login to default iSCSI targets...
[   52.721880] cloud-init[949]: |     B =  ..+++=E|
[   52.845231] cloud-init[949]: |    . / S  oo =o+|
[[0;32m  OK  [0m] Reached target Sockets.
[   52.845350] cloud-init[949]: |     = B   . . .o|
[   52.969865] cloud-init[949]: |      + .   . ...|
[[0;32m  OK  [0m] Reached target Basic System.
[   52.970420] cloud-init[949]: |       .     . +.|
[   53.081278] cloud-init[949]: |              . o|
[   53.082312] cloud-init[949]: +----[SHA256]-----+
         Starting LSB: MD monitoring daemon...
[   53.083045] cloud-init[949]: Generating public/private dsa key pair.
[   53.327842] cloud-init[949]: Your identification has been saved in /etc/ssh/ssh_host_dsa_key.
[   53.328896] cloud-init[949]: Your public key has been saved in /etc/ssh/ssh_host_dsa_key.pub.
[[0;32m  OK  [0m] Started Regular background program processing daemon.
[   53.329372] cloud-init[949]: The key fingerprint is:
         Starting Login Service...
         Starting System Logging Service...
[   53.775613] cloud-init[949]: SHA256:pFQ7lZW32P48+9c52MKxcyFPAsZRUoklHRowFfBKpu4 root@ubuntu-xenial
         [   53.820972] Starting Apply the settings specified in cloud-config...cloud-init
[949]: The key's randomart image is:
[   53.848027] cloud-init[949]: +---[DSA 1024]----+
[   53.852378] cloud-init[949]: |        .+=OO*o  |
[   53.853690] cloud-init[949]: |       . o+o*o.  |
[[0;32m  OK  [0m] Started D-Bus System Message Bus.
[   53.854333] cloud-init[949]: |      . +o.o.+ . |
[   53.916850] cloud-init[949]: |     . o+..+. o  |
[   53.936487] cloud-init[949]: |      ..S.. ..   |
[   53.973269] cloud-init[949]: |      .      +.o |
[   54.004976] cloud-init[949]: |       .    . Xo+|
[   54.006420] cloud-init[949]: |      .      * B=|
[   54.006714] cloud-init[949]: |       E      +.B|
[   54.007925] cloud-init[949]: +----[SHA256]-----+
[   54.008005] cloud-init[949]: Generating public/private ecdsa key pair.
[   54.008060] cloud-init[949]: Your identification has been saved in /etc/ssh/ssh_host_ecdsa_key.
         Starting LXD - container startup/shutdown...
[   54.008380] cloud-init[949]: Your public key has been saved in /etc/ssh/ssh_host_ecdsa_key.pub.
[[0;32m  OK  [0m] Started Deferred execution scheduler.
[   54.095335] cloud-init[949]: The key fingerprint is:
[   54.133520] cloud-init[949]: SHA256:jFxzwh9/lSzYOdYQrh9lZYKnAQhIOmbVuKV1sGXplcs root@ubuntu-xenial
[   54.135269] cloud-init[949]: The key's randomart image is:
         Starting /etc/rc.local Compatibility...
[   54.136252] cloud-init[949]: +---[ECDSA 256]---+
[   54.176849] cloud-init[949]: |   .o+oooo.o +o o|
[   54.177813] cloud-init[949]: |   oo +=+ o * *oo|
         Starting Pollinate to seed the pseudo random number generator...
[[0;32m  OK  [0m] Started Unattended Upgrades Shutdown.
[   54.178455] cloud-init[949]: |  =  =.o=ooo @ *.|
         Starting LSB: Record successful boot for GRUB...
         Starting Accounts Service...
[   54.240215] cloud-init[949]: | o .o. +.=Eo+ =. |
[[0;32m  OK  [0m] Started ACPI event daemon.
[   54.304367] cloud-init[949]: |      o S .....  |
[   54.340970] cloud-init[949]: |            ...  |
[   54.369405] cloud-init[949]: |             .   |
[   54.370422] cloud-init[949]: |                 |
[[0;32m  OK  [0m] Started FUSE filesystem for LXC.
[   54.370938] cloud-init[949]: |                 |
[   54.437019] cloud-init[949]: +----[SHA256]-----+
[   54.453258] cloud-init[949]: Generating public/private ed25519 key pair.
[   54.454308] cloud-init[949]: Your identification has been saved in /etc/ssh/ssh_host_ed25519_key.
         Starting Snappy daemon...
[   54.455018] cloud-init[949]: Your public key has been saved in /etc/ssh/ssh_host_ed25519_key.pub.
[   54.545780] cloud-init[949]: The key fingerprint is:
[   54.547038] cloud-init[949]: [SHA256:+GTpcsoNp5yO/qsfkLe8DKpJjcwZZt2aL4u9BJ4GFBE root@ubuntu-xenial[0;32m  OK  [0m
] Started System Logging Service.
[   54.547782] cloud-init[949]: The key's randomart image is:
[   54.697033] cloud-init[949]: +--[ED25519 256]--+
[   54.698251] cloud-init[949]: | Eo              |
[[0;32m  OK  [0m] Started LXD - container startup/shutdown.
[   54.698605] cloud-init[949]: |  .              |
[   54.760987] cloud-init[949]: | .               |
[   54.761900] cloud-init[949]: |. . .. . .       |
[[0;32m  OK  [0m] Started /etc/rc.local Compatibility.
[[   54.762363] cloud-init[949]: |.= .o.o S        |
[   54.834692] cloud-init[949]: |B B o+ *         |
[   54.834861] cloud-init[949]: | X =. * =        |
[0;32m  OK  [0m] Started Snappy daemon.
[   54.835082] cloud-init[949]: |o.+o.* %         |
[   54.933442] cloud-init[949]: |oo.=B*&..        |
[   54.944574] cloud-init[949]: +----[SHA256]-----+
[[0;32m  OK  [0m] Started Login to default iSCSI targets.
[[0;32m  OK  [0m] Started LSB: MD monitoring daemon.
[[0;32m  OK  [0m] Started LSB: Record successful boot for GRUB.
[[0;32m  OK  [0m] Started Login Service.
         Starting Authenticate and Authorize Users to Run Privileged Tasks...
[[0;32m  OK  [0m] Reached target Remote File Systems (Pre).
[[0;32m  OK  [0m] Reached target Remote File Systems.
         Starting LSB: daemon to balance interrupts for SMP systems...
         Starting Permit User Sessions...
         Starting LSB: VirtualBox Linux Additions...
         Starting LSB: automatic crash report generation...
         Starting LSB: Set the CPU Frequency Scaling governor to "ondemand"...
[[0;32m  OK  [0m] Started Permit User Sessions.
[[0;32m  OK  [0m] Started Authenticate and Authorize Users to Run Privileged Tasks.
[[0;32m  OK  [0m] Started Accounts Service.
[   55.659572] cloud-init[1063]: Generating locales (this might take a while)...
[[0;32m  OK  [0m] Started LSB: daemon to balance interrupts for SMP systems.
         Starting Hold until boot process finishes up...
         Starting Terminate Plymouth Boot Screen...
[[0;32m  OK  [0m] Started LSB: automatic crash report generation.
[[0;32m  OK  [0m] Started Hold until boot process finishes up.
[[0;32m  OK  [0m] Started Terminate Plymouth Boot Screen.
[[0;32m  OK  [0m] Started LSB: VirtualBox Linux Additions.
[[0;32m  OK  [0m] Started LSB: Set the CPU Frequency Scaling governor to "ondemand".
[[0;32m  OK  [0m] Started Getty on tty1.
         Starting Set console scheme...
[[0;32m  OK  [0m] Started Serial Getty on ttyS0.
[[0;32m  OK  [0m] Reached target Login Prompts.
[[0;32m  OK  [0m] Started Set console scheme.
[[0;32m  OK  [0m] Started Pollinate to seed the pseudo random number generator.
         Starting OpenBSD Secure Shell server...
[[0;32m  OK  [0m] Started OpenBSD Secure Shell server.
[[0;32m  OK  [0m] Reached target Multi-User System.
[[0;32m  OK  [0m] Reached target Graphical Interface.
         Starting Update UTMP about System Runlevel Changes...
[[0;32m  OK  [0m] Started Update UTMP about System Runlevel Changes.
[   57.682603] cloud-init[1063]:   en_US.UTF-8... done
[   57.724844] cloud-init[1063]: Generation complete.
[   58.052071] cloud-init[1063]: Cloud-init v. 17.1 running 'modules:config' at Tue, 06 Feb 2018 10:19:45 +0000. Up 55.16 seconds.
[[0;32m  OK  [0m] Started Apply the settings specified in cloud-config.
         Starting Execute cloud user/final scripts...
[[0;32m  OK  [0m] Created slice User Slice of vagrant.
         Starting User Manager for UID 1000...
[[0;32m  OK  [0m] Started Session 1 of user vagrant.
[[0;32m  OK  [0m] Started User Manager for UID 1000.
ci-info: no authorized ssh keys fingerprints found for user ubuntu.
<14>Feb  6 10:19:49 ec2: 
<14>Feb  6 10:19:49 ec2: #############################################################
<14>Feb  6 10:19:49 ec2: -----BEGIN SSH HOST KEY FINGERPRINTS-----
<14>Feb  6 10:19:49 ec2: 1024 SHA256:pFQ7lZW32P48+9c52MKxcyFPAsZRUoklHRowFfBKpu4 root@ubuntu-xenial (DSA)
<14>Feb  6 10:19:49 ec2: 256 SHA256:jFxzwh9/lSzYOdYQrh9lZYKnAQhIOmbVuKV1sGXplcs root@ubuntu-xenial (ECDSA)
<14>Feb  6 10:19:49 ec2: 256 SHA256:+GTpcsoNp5yO/qsfkLe8DKpJjcwZZt2aL4u9BJ4GFBE root@ubuntu-xenial (ED25519)
<14>Feb  6 10:19:49 ec2: 2048 SHA256:wo8TVjrYZktJzhV/2x8gvFxP0UeX2PnkI6f4x3MUlH4 root@ubuntu-xenial (RSA)
<14>Feb  6 10:19:49 ec2: -----END SSH HOST KEY FINGERPRINTS-----
<14>Feb  6 10:19:49 ec2: #############################################################
-----BEGIN SSH HOST KEY KEYS-----
ecdsa-sha2-nistp256 AAAAE2VjZHNhLXNoYTItbmlzdHAyNTYAAAAIbmlzdHAyNTYAAABBBMStexy+KruFBA2rV0HhHAeyysWKAWzqPND5ss9d8beAuOIv0xCf8YGmci1us9ZIPV1lIIIZRrQ2IyS+PavS7lo= root@ubuntu-xenial
ssh-ed25519 AAAAC3NzaC1lZDI1NTE5AAAAIH4FzWIe8IV6ToYg4tpGG95DJ6N4k/QStHOyOM11jGzk root@ubuntu-xenial
ssh-rsa AAAAB3NzaC1yc2EAAAADAQABAAABAQCpkQ0EQ0JqRQe8pzDoO83mlw+aDvTL7FMgbHoYwK9XRr+fz5CgyO3JWkksYOdkyiZTH/bA9jgsBhZ1KbgCAlQ50G0M9HPvUWFxNU/dfP5rtJy+TMtghqRsf+ZW95Lzzrdi/gmgDxKvR24LUJGeI5CpUoluH24g66KhfX20Km7qipkw4grb57DYqspUVrCC+RVs2R2eUQwu52GsVUQqLVZgx4noKguPt9s02rqWFIon22fuNh1vT1YT9EQ/iruKf1C0mJVMxkUCgBaj9CVxP4Q2Fh35vG3tK6Jsu7oIjZbqlmhzeRvGK+HwgMkXyBV1PM3YSOviMa0hTEWz6aWVSCNv root@ubuntu-xenial
-----END SSH HOST KEY KEYS-----
[   59.208880] cloud-init[1311]: Cloud-init v. 17.1 running 'modules:final' at Tue, 06 Feb 2018 10:19:48 +0000. Up 58.65 seconds.
[   59.259794] cloud-init[1311]: ci-info: no authorized ssh keys fingerprints found for user ubuntu.
[   59.273142] cloud-init[1311]: Cloud-init v. 17.1 finished at Tue, 06 Feb 2018 10:19:49 +0000. Datasource DataSourceNoCloud [seed=/dev/sdb][dsmode=net].  Up 59.19 seconds
[[0;32m  OK  [0m] Started Execute cloud user/final scripts.
[[0;32m  OK  [0m] Reached target Cloud-init target.

Ubuntu 16.04.3 LTS ubuntu-xenial ttyS0

ubuntu-xenial login: 