[   0.0000] itialiincgoup sbs cset[  00000] niialiincgoup bs cu
[  .0000] itlizin cou subs uacc
  0.0000 Lux vsi 44.0-2-neric buldlgw01-d6010) (gcc version 5.4.0 20160609 (Ubuntu 5.4.0-6ubuntu1~16.04.5) ) #135-Ubuntu SMP FriJa1911:48:36 UTC 2018 (Ubuntu 4.4.0-112.135-generic 4.4.98)
[    0.000000] Command line: BOOT_IMAGE=/boot/vmlinuz-4.4.0-112-generi rt=ABELcldig-roofsroonsolett1 onoltt0
[   00000 KNEL uprtd pu:    .000]   nt Gnuinnt
[   .000]   MDAuheticA
    0.000]  Cenur CntrHau
    .0000] x/fu: xstteffset[: 576,stte_ses2]: 25
[    0.000] x8/f: Supptig XSE eature0x1: '7 loatg ointregisters'
[    0.000000] x86/fpu: Supporting XSAVE feature 0x02: 'SSE registerrs'
[    0.000000] x86/fpu: Supporting XSAVE feature 0x04: 'AVX registers'
[    0.000000] x86/fpu: Enabled xstate features 0x7, context size is 832 bytes, using 'standard' format.
[    0.000000] x86/fpu: Using 'lazy' FPU context switches.
[    0.000000] e820: BIOS-provided physical RAM map:
[    0.00000]BIOSe820: me0x0000000000-0x000000009ff usale
[    .00000] OS-e82: me 0x00000009fc00-x00000009fff rservd[   .00000 BS-e8: mem 000000000f000-00000000ffffreerve
[   0.000]BIOS82: [memx00000000000-0000007feff] sabl
[   00000] OSe820 [m 0x000007f000-00000007ffff] AI ata    00000]IO-e82 [em 0000000c0000-000000fe0fff rered
  0.0000 BOS820: [m x00000fee0000x00000fee0ff resve
[  000000]IOS-e0:[mem x00000ff000-0x00000fffff] esved    0000] NX (Execute Disable) protection: actiive[   .00000SMIOS 2.5 pest.
[  00000] yperso dette: KV
[   0.000] e20lastpf= x7ff mx_ar_pn = x400000    0.000] MR:Disabled
[    0.000000] x86/PAT: MTRRs disabd,skipngPAT italizti too
[   000000 CU MTRs a bla -virtuaze syem
[   0000] 86/PT:onfiraion -7: WBWT UC-C WB    C- U [    0.000000] un SMP Mtale a[mm 0x09ff-000ff] maped  [fff80009ff0]
[  0.0000 Sanni 1areafo lowmeor corpton
  0.00000]AMISK: [m x36a00-0x375ff]
[  000000]CPI: Erl tble ecksumerficaondiabd
[  .00000ACPI:RS 0x0000000E00 0002(v2 VB  
[  00000] CPI:SD 0000007F030 000C v01 OX  VBXXT 000001ASL 000061
   0.000] AC: ACP 000000FF00F000F4 (4 BOX VBXFP 0000 AL  00061
   0.000] AC: SD0x00007FF0470 21F (v VOX  VBBIOS000002NTL 20058)
[    0.000000] ACPI: FACS 0x000000007FFF0200 000040
[  0.0000]ACPI: FACS 0x000000007FFF0200 000040
[    0.000000] ACPI: APIC 0x000000007FFF0240 00005C (v02 VBOX   VBOXAPIC 00000001 ASL  00000061)
[    0.000000] ACPI: SSDT 0x000000007FFF02A0 0001CC (v01 VBOX   VBOXCPUT 00000002 INTL 20100528)
[    0.000000] No NUMA configuration found
[    0.000000] Faking a node at [mem 0x0000000000000000-0x000000007ffeffff]
[    0.000000] NODE_DAT(0alloatd [mem 0x7ffeb000-0x7ffeffff]
[    0.000000] kvm-clock: Using msrs 4b564d01 and 4b564d00
[    0.000000] kvm-clock: cpu 0, msr 0:7ffe3001, primary cu clk
[  .00000kvm-lock uing ch ofsetf 055051 cycs
[   0.000000] clocksource: kvm-clock:mak:0xffffffffffff max_cycles: 0x1cd42e4dffb, max_idle_ns: 881590591483 ns
[    0.000000] Zone ranges:
[    0.000000]   DMA      [mem 0x0000000000001000-0x0000000000ffffff]
[    0.000000]   DMA32    [mem 0x0000000001000000-0x000000007ffeffff]
[    0.000000]   Normal   empty
[    0.000000]   Device   empty
[    0.000000] Movable zone start for each node
[    0.000000] Early memory node ranges
[   0.0000   ne  0: me0x0000000000-0x0000000eff]
  0.0000   ne  0: em0x0000000100-0x00000feff]
[   0.000] item supnode [em 000000000000-000000ffffff
   0.000] AC: M-TerIO Prt0x4008
[   .00000]OAIC[0 aic_i 2versn 2, addrs fec000 GSI 0-23
[  0000000ACI: IT_C_OV(bs 0 usrq 0glalirq 2 dfl dfl)
[    0.000000] ACPI: INT_SRC_OVR (bus 0 bus_irq 9 global_irq 9 low level)
[    00000] in ACP(MDT) r MP cnfuratn nfortin
[  000000] sbootAlowin2 PUs,0 tplu Cs
[  .0000]PM: Riserednove mor  [m 00000000x000ff]
[    0.000000] PM: Registered nosave memory: [mem 0x0009f000-0x0009ffff]
[    0.000000] PM: Registered nosave memory: [mem 0x000a0000-0x000effff]
[    0.000000] PM: Registered nosave memory: [mem 0x000f0000-0x000fffff]
[    0.00000] 20: [m 08000000xfefff] ailble orCI dics
[    0.0000] Boongparartaliz krneln VM
  0.0000 cocksrc: rene-jifes mas 0ffffffmax_cls: 0ffffffma_idlns 76451002168ns
    0000] etuppecp: NR_CPUS:512 nr_cpumaskit:512nrpu_ids2 _nodid:1
  0.0000]PEPUEmbeed34 pescpu ff8800c0000 954 r892d3528 04576    .00000]PV qinock shtabl eries25 (orr:0, 46 ytes
[    0.000000] Built 1 zonelists in Node order, mobilitygroungon. Total pages: 515961
[    0.000000] Policy zone: DMA32
[    0.000000] Kernel command line: BOOT_IAG=/bo/vlinu4..0-1-gnerirot=LAL=loudg-ootfroconse=ty1onole=tt0
[  .0000]PID shtable tres406 (oer 3,328 yt)[   0.0000] Meory: 2033932K/2096696K available (8499K kernel code, 1309K rwdata, 3988K rodata, 1508K init, 1316K bss, 62764K reserved, 0K cma-reserved)
[    0.000000] SLUB: HWalign=64, Order=0-3, MinObjects, CPs= Ndes=1[   .00000Kenel/erpageabes ilaion:naled    00000] HrachicaRC impmetati.
[  .0000]	Buid-me ausmentf eaf ant to4.
[   00000	RU reritingPU from _CUS=5 t nr_u_ds=2
[    0.00000RC: Adstng gmery f ru_fautleaf4,nr_c_is=2    00000]R_RQS:30 nr_qs440 
    .000] Console:olourVG 80x
    00000] nsle [y1 enaed
[  0.00000] conole [ttyS0] enbled[    0.000000] tsc: Detected 2494.240 MHz processor
[   23.743055] Calibrating delay loop (skipped) preset value.. 4988.48 BogoMIPS (lpj=9976960)
[   23.940767] pid_max: default: 32768 minimum: 301
[   24.005977] ACPI: Core revision 20150930
[   24.105709] ACPI: 2 ACPI AML tables successfully acquired and loaded
[   24.144547] Security Framework initialized
[   24.177291] Yama: becoming mindful.
[   24.178105] AppArmor: AppArmor initialized
[   24.181947] Dentry cache hash table entries: 262144 (order: 9, 2097152 bytes)
[   24.183667] Inode-cache hash table entries: 131072 (order: 8, 1048576 bytes)
[   24.344534] Mount-cache hash table entries: 4096 (order: 3, 32768 bytes)
[   24.417532] Mountpoint-cache hash table entries: 4096 (order: 3, 32768 bytes)
[   24.563900] Initializing cgroup subsys io
[   24.653879] Initializing cgroup subsys memory
[   24.700855] Initializing cgroup subsys devices
[   24.776811] Initializing cgroup subsys freezer
[   24.797669] Initializing cgroup subsys net_cls
[   24.798605] Initializing cgroup subsys perf_event
[   24.799569] Initializing cgroup subsys net_prio
[   24.813174] Initializing cgroup subsys hugetlb
[   24.820976] Initializing cgroup subsys pids
[   24.824917] CPU: Physical Processor ID: 0
[   24.882350] CPU: Processor Core ID: 0
[   25.005534] FEATURE SPEC_CTRL Not Present
[   25.133563] mce: CPU supports 0 MCE banks
[   25.212824] Last level iTLB entries: 4KB 1024, 2MB 1024, 4MB 1024
[   25.291132] Last level dTLB entries: 4KB 1024, 2MB 1024, 4MB 1024, 1GB 4
[   25.294567] Freeing SMP alternatives memory: 32K
[   25.304378] ftrace: allocating 32180 entries in 126 pages
[   25.361828] smpboot: APIC(0) Converting physical 0 to logical package 0
[   25.569286] smpboot: Max logical packages: 1
[   25.701502] x2apic enabled
[   25.764927] Switched APIC routing to physical x2apic.
[   25.854702] ..TIMER: vector=0x30 apic1=0 pin1=2 apic2=-1 pin2=-1
[   26.036152] smpboot: CPU0: Intel(R) Core(TM) i7-4710HQ CPU @ 2.50GHz (family: 0x6, model: 0x3c, stepping: 0x3)
[   26.359112] Performance Events: unsupported p6 CPU model 60 no PMU driver, software events only.
[   26.607676] KVM setup paravirtual spinlock
[   26.672142] x86: Booting SMP configuration:
[   26.719016] .... node  #0, CPUs:      #1
[   26.775380] kvm-clock: cpu 1, msr 0:7ffe3041, secondary cpu clock
[   26.779924] mce: CPU supports 0 MCE banks
[   26.782638] x86: Booted up 1 node, 2 CPUs
[   26.794704] smpboot: Total of 2 processors activated (9976.96 BogoMIPS)
[   26.846736] devtmpfs: initialized
[   26.895570] evm: security.selinux
[   26.999411] evm: security.SMACK64
[   27.106952] evm: security.SMACK64EXEC
[   27.233071] evm: security.SMACK64TRANSMUTE
[   27.353820] evm: security.SMACK64MMAP
[   27.354654] evm: security.ima
[   27.355373] evm: security.capability
[   27.356437] clocksource: jiffies: mask: 0xffffffff max_cycles: 0xffffffff, max_idle_ns: 7645041785100000 ns
[   27.358380] futex hash table entries: 512 (order: 3, 32768 bytes)
[   27.359676] pinctrl core: initialized pinctrl subsystem
[   27.499434] RTC time:  4:28:28, date: 02/07/18
[   27.501065] NET: Registered protocol family 16
[   27.513251] cpuidle: using governor ladder
[   27.585602] cpuidle: using governor menu
[   27.626137] PCCT header not found.
[   27.658397] ACPI: bus type PCI registered
[   27.692552] acpiphp: ACPI Hot Plug PCI Controller Driver version: 0.5
[   27.746534] PCI: Using configuration type 1 for base access
[   27.785683] ACPI: Added _OSI(Module Device)
[   27.789065] ACPI: Added _OSI(Processor Device)
[   27.789987] ACPI: Added _OSI(3.0 _SCP Extensions)
[   27.790944] ACPI: Added _OSI(Processor Aggregator Device)
[   27.792807] ACPI: Executed 1 blocks of module-level executable AML code
[   27.796231] ACPI: Interpreter enabled
[   27.812655] ACPI: (supports S0 S5)
[   27.813431] ACPI: Using IOAPIC for interrupt routing
[   27.814582] PCI: Using host bridge windows from ACPI; if necessary, use "pci=nocrs" and report a bug
[   27.835612] ACPI: PCI Root Bridge [PCI0] (domain 0000 [bus 00-ff])
[   28.000729] acpi PNP0A03:00: _OSC: OS supports [ASPM ClockPM Segments MSI]
[   28.231432] acpi PNP0A03:00: _OSC: not requesting OS control; OS requires [ExtendedConfig ASPM ClockPM MSI]
[   28.510316] acpi PNP0A03:00: fail to add MMCONFIG information, can't access extended PCI configuration space under this bridge.
[   28.613108] PCI host bridge to bus 0000:00
[   28.613984] pci_bus 0000:00: root bus resource [io  0x0000-0x0cf7 window]
[   28.624642] pci_bus 0000:00: root bus resource [io  0x0d00-0xffff window]
[   28.625921] pci_bus 0000:00: root bus resource [mem 0x000a0000-0x000bffff window]
[   28.639110] pci_bus 0000:00: root bus resource [mem 0x80000000-0xfdffffff window]
[   28.656471] pci_bus 0000:00: root bus resource [bus 00-ff]
[   28.659444] pci 0000:00:01.1: legacy IDE quirk: reg 0x10: [io  0x01f0-0x01f7]
[   28.660764] pci 0000:00:01.1: legacy IDE quirk: reg 0x14: [io  0x03f6]
[   28.754408] pci 0000:00:01.1: legacy IDE quirk: reg 0x18: [io  0x0170-0x0177]
[   28.825881] pci 0000:00:01.1: legacy IDE quirk: reg 0x1c: [io  0x0376]
[   28.917493] pci 0000:00:07.0: quirk: [io  0x4000-0x403f] claimed by PIIX4 ACPI
[   28.943108] pci 0000:00:07.0: quirk: [io  0x4100-0x410f] claimed by PIIX4 SMB
[   28.992931] ACPI: PCI Interrupt Link [LNKA] (IRQs 5 9 10 *11)
[   29.165281] ACPI: PCI Interrupt Link [LNKB] (IRQs 5 9 *10 11)
[   29.241473] ACPI: PCI Interrupt Link [LNKC] (IRQs 5 *9 10 11)
[   29.378757] ACPI: PCI Interrupt Link [LNKD] (IRQs 5 9 10 *11)
[   29.380446] ACPI: Enabled 2 GPEs in block 00 to 07
[   29.381803] vgaarb: setting as boot device: PCI:0000:00:02.0
[   29.382920] vgaarb: device added: PCI:0000:00:02.0,decodes=io+mem,owns=io+mem,locks=none
[   29.443909] vgaarb: loaded
[   29.517821] vgaarb: bridge control possible 0000:00:02.0
[   29.702917] SCSI subsystem initialized
[   29.833742] ACPI: bus type USB registered
[   29.931492] usbcore: registered new interface driver usbfs
[   29.987576] usbcore: registered new interface driver hub
[   29.989160] usbcore: registered new device driver usb
[   29.990946] PCI: Using ACPI for IRQ routing
[   30.021716] NetLabel: Initializing
[   30.022509] NetLabel:  domain hash size = 128
[   30.112274] NetLabel:  protocols = UNLABELED CIPSOv4
[   30.264810] NetLabel:  unlabeled traffic allowed by default
[   30.465367] amd_nb: Cannot enumerate AMD northbridges
[   30.624600] clocksource: Switched to clocksource kvm-clock
[ 30836324 AArr:ppmoFisyemnaed[ 31424]npPnAC it   3.859 p: P CP found  dic
[   32.354127] clocksource: acpi_pm: mask: 0xffffff max_cycles: 0xffffff, max_idle_ns: 2085701024 ns
[   32.578204] NET: Registered protocol family 2
[   32.696230] TCP established hash table entries: 16384 (order: 5, 131072 bytes)
[   32.882195] TCP bind hash table entries: 16384 (order: 6, 262144 bytes)
[   33.052008] TCP: Hash tables configured (established 16384 bind 16384)
[   33.175454] UDP hash table entries: 1024 (order: 3, 32768 bytes)
[   33.290621] UDP-Lite hash table entries: 1024 (order: 3, 32768 bytes)
[   33.291902] NET: Registered protocol family 1
[   33.293267] pci 0000:00:00.0: Limiting direct PCI/PCI transfers
[   33.300918] pci 0000:00:01.0: Activating ISA DMA hang workarounds
[   33.302235] Unpacking initramfs...
[   35.447891] Freeing initrd memory: 10792K
[   35.599666] RAPL PMU detected, API unit is 2^-32 Joules, 4 fixed counters 10737418240 ms ovfl timer
[   35.916678] hw unit of domain pp0-core 2^-0 Joules
[   36.085473] hw unit of domain package 2^-0 Joules
[   36.264843] hw unit of domain dram 2^-0 Joules
[   36.382638] hw unit of domain pp1-gpu 2^-0 Joules
[   36.489329] platform rtc_cmos: registered platform RTC device (no PNP device found)
[   .645 Snnng forowemy rrti ery0 cos
[   37.438311] audit: initializing netlink subsys (disabled)
[   37.512136] tsc: Refined TSC clocksource calibration: 2493.334 MHz
[   37.541146] clocksource: tsc: mask: 0xffffffffffffffff max_cycles: 0x23f0a09c494, max_idle_ns: 440795212735 ns
[   37.543125] audit: type=2000 audit(1517977693.212:1): initialized
[   37.619699] Initialise system trusted keyring
[   37.749666] HugeTLB registered 2 MB page size, pre-allocated 0 pages
[   379664zb: ad
[ 38.264 V: skquasquot_6.6.0
[   38.643917] VFS: Dquot-cache hash table entries: 512 (order 0, 4096 bytes)
[   38.862235] squashfs: version 4.0 (2009/01/31) Phillip Lougher
[   39.068673] fuse init (API version 7.23)
[   39.081599] Key type big_key registered
[   .284 AocinIMMO and blacklistkerigs

[   39.744906] Key type asymmetric registered
[   39.854258] Asymmetric key parser 'x509' registered
[   40.032307] Block layer SCSI generic (bsg) driver version 0.4 loaded (major 249)
[   40.279001] io scheduler noop registered
[   40.389063] io scheduler deadline registered (default)
[   40.575821] io scheduler cfq registered
[   40.683387] pci_hotplug: PCI Hot Plug PCI Core version: 0.5
[   40.832949] pciehp: PCI Express Hot Plug Controller Driver version: 0.4
[   41.033512] ACPI: AC Adapter [AC] (on-line)
[   41.177156] input: Power Button as /devices/LNXSYSTM:00/LNXPWRBN:00/input/input0
[   41.410956] ACPI: Power Button [PWRF]
[   41.517259] input: Sleep Button as /devices/LNXSYSTM:00/LNXSLPBN:00/input/input1
[   41.711172] ACPI: Sleep Button [SLPF]
[   41.78207 AI:Batty otBA] atryrent

[   .753 GESHE inoenled!

[   41.789633] Serial: 8250/16550 driver, 32 ports, IRQ sharing enabled
[   42.387741] 00:02: ttyS0 at I/O 0x3f8 (irq = 4, base_baud = 115200) is a 16550A
[   42.827475] Linux agpgart interface v0.103
[   42.849379] loop: module loaded
[   42.849933] scsi host0: ata_piix
[   42.849991] scsi host1: ata_piix
[   42.850022] ata1: PATA max UDMA/33 cmd 0x1f0 ctl 0x3f6 bmdma 0xd000 irq 14
[   42.850023] ata2: PATA max UDMA/33 cmd 0x170 ctl 0x376 bmdma 0xd008 irq 15
[   42.850095] libphy: Fixed MDIO Bus: probed
[   42.850097] tun: Universal TUN/TAP device driver, 1.6
[   42.850097] tun: (C) 1999-2004 Max Krasnyansky <maxk@qualcomm.com>
[   42.850142] PPP generic driver version 2.4.2
[   42.850206] ehci_hcd: USB 2.0 'Enhanced' Host Controller (EHCI) Driver
[   42.850210] ehci-pci: EHCI PCI platform driver
[   42.850218] ehci-platform: EHCI generic platform driver
[   42.850225] ohci_hcd: USB 1.1 'Open' Host Controller (OHCI) Driver
[   42.850228] ohci-pci: OHCI PCI platform driver
[   42.850235] ohci-platform: OHCI generic platform driver
[   42.850241] uhci_hcd: USB Universal Host Controller Interface driver
[   42.850289] i8042: PNP: PS/2 Controller [PNP0303:PS2K,PNP0f03:PS2M] at 0x60,0x64 irq 1,12
[   42.867493] serio: i8042 KBD port at 0x60,0x64 irq 1
[   42.867497] serio: i8042 AUX port at 0x60,0x64 irq 12
[   42.867627] mousedev: PS/2 mouse device common for all mice
[   42.867929] rtc_cmos rtc_cmos: rtc core: registered rtc_cmos as rtc0
[   42.868031] rtc_cmos rtc_cmos: alarms up to one day, 114 bytes nvram
[   42.868038] i2c /dev entries driver
[   42.868088] device-mapper: uevent: version 1.0.3
[   42.868142] device-mapper: ioctl: 4.34.0-ioctl (2015-10-28) initialised: dm-devel@redhat.com
[   42.868162] ledtrig-cpu: registered to indicate activity on CPUs
[   42.868471] NET: Registered protocol family 10
[   42.868607] NET: Registered protocol family 17
[   42.868620] Key type dns_resolver registered
[   42.868954] microcode: CPU0 sig=0x306c3, pf=0x40, revision=0x0
[   42.868961] microcode: CPU1 sig=0x306c3, pf=0x40, revision=0x0
[   42.869014] microcode: Microcode Update Driver: v2.01 <tigran@aivazian.fsnet.co.uk>, Peter Oruba
[   42.869125] registered taskstats version 1
[   42.869138] Loading compiled-in X.509 certificates
[   42.869908] Loaded X.509 cert 'Build time autogenerated kernel key: 4c603087bab8f0a02cb3b4e1fb4c40f507e71ef1'
[   42.869928] zswap: loaded using pool lzo/zbud
[   42.871800] Key type trusted registered
[   42.874810] Key type encrypted registered
[   42.874815] AppArmor: AppArmor sha1 policy hashing enabled
[   42.874819] ima: No TPM chip found, activating TPM-bypass!
[   42.874838] evm: HMAC attrs: 0x1
[   42.875133]   Magic number: 6:846:463
[   42.882066] rtc_cmos rtc_cmos: setting system clock to 2018-02-07 04:28:43 UTC (1517977723)
[   42.882168] BIOS EDD facility v0.16 2004-Jun-25, 0 devices found
[   42.882169] EDD information not available.
[   42.968129] input: AT Translated Set 2 keyboard as /devices/platform/i8042/serio0/input/input2
[   47.263606] Freeing unused kernel memory: 1508K
[   47.382887] Write protecting the kernel read-only data: 14336k
[   47.598496] Freeing unused kernel memory: 1728K
[   47.764938] Freeing unused kernel memory: 108K
Loading, please wait...
starting version[   47.944601] random: systemd-udevd: uninitialized urandom read (16 bytes read, 4 bits of entropy available)
 229
[   47.945277] random: udevadm: uninitialized urandom read (16 bytes read, 4 bits of entropy available)
[   47.945302] random: udevadm: uninitialized urandom read (16 bytes read, 4 bits of entropy available)
[   47.955871] random: udevadm: uninitialized urandom read (16 bytes read, 4 bits of entropy available)
[   47.955918] random: udevadm: uninitialized urandom read (16 bytes read, 4 bits of entropy available)
[   47.956114] random: udevadm: uninitialized urandom read (16 bytes read, 4 bits of entropy available)
[   47.956182] random: udevadm: uninitialized urandom read (16 bytes read, 4 bits of entropy available)
[   47.956247] random: udevadm: uninitialized urandom read (16 bytes read, 4 bits of entropy available)
[   47.956332] random: udevadm: uninitialized urandom read (16 bytes read, 4 bits of entropy available)
[   47.956396] random: udevadm: uninitialized urandom read (16 bytes read, 4 bits of entropy available)
[   48.997422] Fusion MPT base driver 3.04.20
[   49.126040] Copyright (c) 1999-2008 LSI Corporation
[   49.126127] e1000: Intel(R) PRO/1000 Network Driver - version 7.3.21-k8-NAPI
[   49.126128] e1000: Copyright (c) 1999-2006 Intel Corporation.
[   49.169947] Fusion MPT SPI Host driver 3.04.20
[   49.203845] AVX2 version of gcm_enc/dec engaged.
[   49.219757] AES CTR mode by8 optimization enabled
[   49.414904] input: ImExPS/2 Generic Explorer Mouse as /devices/platform/i8042/serio1/input/input4
[   49.545802] e1000 0000:00:03.0 eth0: (PCI:33MHz:32-bit) 02:1f:2a:60:99:e3
[   50.935028] e1000 0000:00:03.0 eth0: Intel(R) PRO/1000 Network Connection
[   51.567158] e1000 0000:00:08.0 eth1: (PCI:33MHz:32-bit) 08:00:27:fe:8c:ee
[   52.045992] e1000 0000:00:08.0 eth1: Intel(R) PRO/1000 Network Connection
[   52.048036] mptbase: ioc0: Initiating bringup
[   52.048612] e1000 0000:00:08.0 enp0s8: renamed from eth1
[   52.081698] e1000 0000:00:03.0 enp0s3: renamed from eth0
[   52.133601] floppy0: no floppy controllers found
[   52.273585] ioc0: LSI53C1030 A0: Capabilities={Initiator}
[   52.433667] scsi host2: ioc0: LSI53C1030 A0, FwRev=00000000h, Ports=1, MaxQ=256, IRQ=20
[   52.928587] scsi 2:0:0:0: Direct-Access     VBOX     HARDDISK         1.0  PQ: 0 ANSI: 5
[   53.205898] scsi target2:0:0: Beginning Domain Validation
[   53.393997] scsi target2:0:0: Domain Validation skipping write tests
[   54.051911] scsi target2:0:0: Ending Domain Validation
[   54.221108] scsi target2:0:0: asynchronous
[   54.365276] scsi 2:0:1:0: Direct-Access     VBOX     HARDDISK         1.0  PQ: 0 ANSI: 5
[   55.114651] scsi target2:0:1: Beginning Domain Validation
[   55.306837] scsi target2:0:1: Domain Validation skipping write tests
[   56.035308] scsi target2:0:1: Ending Domain Validation
[   56.221159] scsi target2:0:1: asynchronous
[   56.228712] sd 2:0:0:0: Attached scsi generic sg0 type 0
[   56.251920] sd 2:0:0:0: [sda] 20971520 512-byte logical blocks: (10.7 GB/10.0 GiB)
[   56.260413] sd 2:0:1:0: Attached scsi generic sg1 type 0
[   56.443606] sd 2:0:1:0: [sdb] 20480 512-byte logical blocks: (10.5 MB/10.0 MiB)
[   56.609559] sd 2:0:1:0: [sdb] Write Protect is off
[   56.609627] sd 2:0:0:0: [sda] Write Protect is off
[   56.609723] sd 2:0:0:0: [sda] Incomplete mode parameter data
[   56.609724] sd 2:0:0:0: [sda] Assuming drive cache: write through
[   56.714118]  sda: sda1
[   56.714847] sd 2:0:0:0: [sda] Attached SCSI disk
[   57.475995] sd 2:0:1:0: [sdb] Incomplete mode parameter data
[   57.661040] sd 2:0:1:0: [sdb] Assuming drive cache: write through
[   57.729843] sd 2:0:1:0: [sdb] Attached SCSI disk
Begin: Loading e[   59.143792] md: linear personality registered for level -1
ssential drivers[   59.157503] md: multipath personality registered for level -4
 ... [   59.188400] md: raid0 personality registered for level 0
[   59.233732] md: raid1 personality registered for level 1
[   59.480696] raid6: sse2x1   gen()  7664 MB/s
[   59.681098] raid6: sse2x1   xor()  5964 MB/s
[   59.796933] raid6: sse2x2   gen()  9711 MB/s
[   59.888861] raid6: sse2x2   xor()  5197 MB/s
[   59.993439] raid6: sse2x4   gen() 11187 MB/s
[   60.192876] raid6: sse2x4   xor()  7799 MB/s
[   60.268638] raid6: avx2x1   gen() 13371 MB/s
[   60.476879] raid6: avx2x2   gen() 17081 MB/s
[   60.693406] raid6: avx2x4   gen() 19710 MB/s
[   60.811176] raid6: using algorithm avx2x4 gen() 19710 MB/s
[   60.886220] raid6: using avx2x2 recovery algorithm
[   60.892622] xor: automatically using best checksumming function:
[   60.992609]    avx       : 14989.000 MB/sec
[   61.112858] async_tx: api initialized (async)
[   61.138263] md: raid6 personality registered for level 6
[   61.265796] md: raid5 personality registered for level 5
[   61.266870] md: raid4 personality registered for level 4
[   61.308428] md: raid10 personality registered for level 10
done.
Begin: Running /scripts/init-premount ... done.
Begin: Mounting root file system ... Begin: Running /scripts/local-top ... done.
Begin: Running /scripts/local-premount ... [   61.353677] Btrfs loaded
Scanning for Btrfs filesystems
done.
Warning: fsck no[   61.399349] EXT4-fs (sda1): mounted filesystem with ordered data mode. Opts: (null)
t present, so skipping root file system
done.
Begin: Running /scripts/local-bottom ... done.
Begin: Running /scripts/init-bottom ... done.
[   61.514945] systemd[1]: systemd 229 running in system mode. (+PAM +AUDIT +SELINUX +IMA +APPARMOR +SMACK +SYSVINIT +UTMP +LIBCRYPTSETUP +GCRYPT +GNUTLS +ACL +XZ -LZ4 +SECCOMP +BLKID +ELFUTILS +KMOD -IDN)
[   61.685673] systemd[1]: Detected virtualization oracle.
[   61.688635] systemd[1]: Detected architecture x86-64.

Welcome to [1mUbuntu 16.04.3 LTS[0m!

[   61.761562] systemd[1]: Set hostname to <ubuntu>.
[   61.844095] systemd[1]: Initializing machine ID from random generator.
[   61.922228] systemd[1]: Installed transient /etc/machine-id file.
[   62.063298] systemd[1]: Started Forward Password Requests to Wall Directory Watch.
[[0;32m  OK  [0m] Started Forward Password Requests to Wall Directory Watch.
[   62.145734] systemd[1]: Created slice User and Session Slice.
[[0;32m  OK  [0m] Created slice User and Session Slice.
[   62.233481] systemd[1]: Set up automount Arbitrary Executable File Formats File System Automount Point.
[[0;32m  OK  [0m] Set up automount Arbitrary Executab...ats File System Automount Point.
[   62.329225] systemd[1]: Listening on udev Control Socket.
[[0;32m  OK  [0m] Listening on udev Control Socket.
[   62.529578] systemd[1]: Listening on udev Kernel Socket.
[[0;32m  OK  [0m] Listening on udev Kernel Socket.
[   62.648878] systemd[1]: Started Trigger resolvconf update for networkd DNS.
[[0;32m  OK  [0m] Started Trigger resolvconf update for networkd DNS.
[   62.753499] systemd[1]: Listening on Syslog Socket.
[[0;32m  OK  [0m] Listening on Syslog Socket.
[   62.916826] systemd[1]: Listening on Journal Socket (/dev/log).
[[0;32m  OK  [0m] Listening on Journal Socket (/dev/log).
[   62.927459] systemd[1]: Reached target User and Group Name Lookups.
[[0;32m  OK  [0m] Reached target User and Group Name Lookups.
[   62.931439] systemd[1]: Reached target Encrypted Volumes.
[[0;32m  OK  [0m] Reached target Encrypted Volumes.
[   63.017436] systemd[1]: Listening on /dev/initctl Compatibility Named Pipe.
[[0;32m  OK  [0m] Listening on /dev/initctl Compatibility Named Pipe.
[   63.101655] systemd[1]: Created slice System Slice.
[[0;32m  OK  [0m] Created slice System Slice.
[   63.285160] systemd[1]: Reached target Slices.
[[0;32m  OK  [0m] Reached target Slices.
[   63.401733] systemd[1]: Created slice system-serial\x2dgetty.slice.
[[0;32m  OK  [0m] Created slice system-serial\x2dgetty.slice.
[   63.445478] systemd[1]: Reached target Swap.
[[0;32m  OK  [0m] Reached target Swap.
[   63.629280] systemd[1]: Listening on Journal Audit Socket.
[[0;32m  OK  [0m] Listening on Journal Audit Socket.
[   63.837451] systemd[1]: Listening on Journal Socket.
[[0;32m  OK  [0m] Listening on Journal Socket.
[   63.904840] systemd[1]: Starting Uncomplicated firewall...
         Starting Uncomplicated firewall...
[   64.096937] systemd[1]: Starting Remount Root and Kernel File Systems...
[   64.101164] EXT4-fs (sda1): re-mounted. Opts: (null)
         Starting Remount Root and Kernel File Systems...
[   64.232964] systemd[1]: Starting Set console keymap...
         Startin[   64.365862] random: nonblocking pool is initialized
g Set console keymap...
[   64.569666] systemd[1]: Starting Create list of required static device nodes for the current kernel...
         Starting Create list of required st... nodes for the current kernel...
[   64.929576] systemd[1]: Mounting Debug File System...
         Mounting Debug File System...
[   65.116899] systemd[1]: Starting Nameserver information manager...
         Starting Nameserver information manager...
[   65.221261] systemd[1]: Starting Load Kernel Modules...
         Startin[   65.228175] Loading iSCSI transport class v2.0-870.
g Load Kernel Mo[   65.398897] iscsi: registered transport (tcp)
dules...
[   65.552186] iscsi: registered transport (iser)
[   65.708803] systemd[1]: Starting Journal Service...
         Starting Journal Service...
[   65.928734] systemd[1]: Mounting POSIX Message Queue File System...
         Mounting POSIX Message Queue File System...
[   66.185629] systemd[1]: Mounting Huge Pages File System...
         Mounting Huge Pages File System...
[   66.261192] systemd[1]: Listening on LVM2 metadata daemon socket.
[[0;32m  OK  [0m] Listening on LVM2 metadata daemon socket.
[   66.516813] systemd[1]: Listening on LVM2 poll daemon socket.
[[0;32m  OK  [0m] Listening on LVM2 poll daemon socket.
[   66.720842] systemd[1]: Listening on Device-mapper event daemon FIFOs.
[[0;32m  OK  [0m] Listening on Device-mapper event daemon FIFOs.
[   66.921666] systemd[1]: Starting Monitoring of LVM2 mirrors, snapshots etc. using dmeventd or progress polling...
         Starting Monitoring of LVM2 mirrors... dmeventd or progress polling...
[   67.183696] systemd[1]: Mounted Huge Pages File System.
[[0;32m  OK  [0m] Mounted Huge Pages File System.
[   67.269141] systemd[1]: Mounted Debug File System.
[[0;32m  OK  [0m] Mounted Debug File System.
[   67.417666] systemd[1]: Mounted POSIX Message Queue File System.
[[0;32m  OK  [0m] Mounted POSIX Message Queue File System.
[   67.693028] systemd[1]: Started Journal Service.
[[0;32m  OK  [0m] Started Journal Service.
[[0;32m  OK  [0m] Started Uncomplicated firewall.
[[0;32m  OK  [0m] Started Remount Root and Kernel File Systems.
[[0;32m  OK  [0m] Started Set console keymap.
[[0;32m  OK  [0m] Started Create list of required sta...ce nodes for the current kernel.
[[0;32m  OK  [0m] Started Load Kernel Modules.
[[0;32m  OK  [0m] Started Nameserver information manager.
[[0;32m  OK  [0m] Started LVM2 metadata daemon.
         Starting Apply Kernel Variables...
         Mounting FUSE Control File System...
         Starting Create Static Device Nodes in /dev...
         Starting udev Coldplug all Devices...
         Starting Load/Save Random Seed...
         Starting Initial cloud-init job (pre-networking)...
         Starting Flush Journal to Persistent Storage...
[[0;32m  OK  [0m] Mounted FUSE Control File System.
[[0;32m  OK  [0m] Started Monitoring of LVM2 mirrors,...ng dmeventd or progress polling.
[[0;32m  OK  [0m] Started Apply Kernel Variables.
[[0;32m  OK  [0m] Started Create Static Device Nodes in /dev.
[[0;32m  OK  [0m] Started Load/Save Random Seed.
[[0;32m  OK  [0m] Started udev Coldplug all Devices.
[[0;32m  OK  [0m] Started Flush Journal to Persistent Storage.
         Starting udev Kernel Device Manager...
[[0;32m  OK  [0m] Started udev Kernel Device Manager.
[[0;32m  OK  [0m] Reached target Local File Systems (Pre).
[[0;32m  OK  [0m] Reached target Local File Systems.
         Starting Commit a transient machine-id on disk...
         Starting Set console font and keymap...
         Starting LSB: AppArmor initialization...
         Starting Tell Plymouth To Write Out Runtime Data...
         Starting Create Volatile Files and Directories...
[[0;32m  OK  [0m] Started Dispatch Password Requests to Console Directory Watch.
[[0;32m  OK  [0m] Started Commit a transient machine-id on disk.
[[0;32m  OK  [0m] Started Tell Plymouth To Write Out Runtime Data.
[[0;32m  OK  [0m] Started Create Volatile Files and Directories.
[[0;32m  OK  [0m] Found device /dev/ttyS0.
[   40.292916] cloud-init[459]: Cloud-init v. 17.1 running 'init-local' at Wed, 07 Feb 2018 04:29:10 +0000. Up 39.72 seconds.
         Starting Update UTMP about System Boot/Shutdown...
[[0;32m  OK  [0m] Reached target System Time Synchronized.
[[0;32m  OK  [0m] Started Initial cloud-init job (pre-networking).
[[0;32m  OK  [0m] Started Update UTMP about System Boot/Shutdown.
[[0;32m  OK  [0m] Listening on Load/Save RF Kill Switch Status /dev/rfkill Watch.
[[0;32m  OK  [0m] Reached target Network (Pre).
[[0;32m  OK  [0m] Started LSB: AppArmor initialization.
         Starting Raise network interfaces...
[[0;32m  OK  [0m] Started Set console font and keymap.
[[0;32m  OK  [0m] Created slice system-getty.slice.
[[0;32m  OK  [0m] Started Raise network interfaces.
[[0;32m  OK  [0m] Reached target Network.
         Starting Initial cloud-init job (metadata service crawler)...
[   44.453116] cloud-init[959]: Cloud-init v. 17.1 running 'init' at Wed, 07 Feb 2018 04:29:14 +0000. Up 43.86 seconds.
[   44.544414] cloud-init[959]: ci-info: ++++++++++++++++++++++++++++++++++++++Net device info++++++++++++++++++++++++++++++++++++++
[   44.544637] cloud-init[959]: ci-info: +--------+-------+----------------------------+---------------+-------+-------------------+
[[0;32m  OK  [0m] Started Initial cloud-init job (metadata service crawler).
[   44.544770] cloud-init[959]: ci-info: | Device |   Up  |          Address           |      Mask     | Scope |     Hw-Address    |
[   45.133107] cloud-init[959]: ci-info: +--------+-------+----------------------------+---------------+-------+-------------------+
[   45.133439] cloud-init[959]: ci-info: | enp0s3 |  True |         10.0.2.15          | 255.255.255.0 |   .   | 02:1f:2a:60:99:e3 |
[[0;32m  OK  [0m] Reached target Cloud-config availability.
[   45.133580] cloud-init[959]: ci-info: | enp0s3 |  True | fe80::1f:2aff:fe60:99e3/64 |       .       |  link | 02:1f:2a:60:99:e3 |
[   45.557090] cloud-init[959]: ci-info: | enp0s8 | False |             .              |       .       |   .   | 08:00:27:fe:8c:ee |
[[0;32m  OK  [0m] Reached target Network is Online.
[   45.557191] cloud-init[959]: ci-info: |   lo   |  True |         127.0.0.1          |   255.0.0.0   |   .   |         .         |
[   45.948382] cloud-init[959]: ci-info: |   lo   |  True |          ::1/128           |       .       |  host |         .         |
[   45.948703] cloud-init[959]: ci-info: +--------+-------+----------------------------+---------------+-------+-------------------+
         Starting iSCSI initiator daemon (iscsid)...
[   45.948846] cloud-init[959]: ci-info: +++++++++++++++++++++++++++Route IPv4 info++++++++++++++++++++++++++++
[   46.593623] cloud-init[959]: ci-info: +-------+-------------+----------+---------------+-----------+-------+
[[0;32m  OK  [0m] Reached target System Initialization.
[   46.593720] cloud-init[959]: ci-info: | Route | Destination | Gateway  |    Genmask    | Interface | Flags |
[   46.928782] cloud-init[959]: ci-info: +-------+-------------+----------+---------------+-----------+-------+
[[0;32m  OK  [0m] Listening on D-Bus System Message Bus Socket.
[[   46.928884] cloud-init[959]: ci-info: |   0   |   0.0.0.0   | 10.0.2.2 |    0.0.0.0    |   enp0s3  |   UG  |
[   47.304799] cloud-init[959]: ci-info: |   1   |   10.0.2.0  | 0.0.0.0  | 255.255.255.0 |   enp0s3  |   U   |
[0;32m  OK  [0m] Listening on ACPID Listen Socket.
[   47.304909] cloud-init[959]: ci-info: +-------+-------------+----------+---------------+-----------+-------+
[[   47.540468] cloud-init[959]: Generating public/private rsa key pair.
[   47.540628] cloud-init[959]: Your identification has been saved in /etc/ssh/ssh_host_rsa_key.
[   47.540773] cloud-init[959]: Your public key has been saved in /etc/ssh/ssh_host_rsa_key.pub.
[   47.540928] cloud-init[959]: The key fingerprint is:
[   47.541068] cloud-init[959]: SHA256:fbUNhHnEKk8O2hhFAMDkU1BA1t3S6EW0RiU4MyIqfQc root@ubuntu-xenial
[   47.541214] cloud-init[959]: The key's randomart image is:
[   47.541367] cloud-init[959]: +---[RSA 2048]----+
[   47.541507] cloud-init[959]: |   +B*+o.X*..=o  |
[   47.541654] cloud-init[959]: |   oE.o O.=oo.o  |
[   47.541819] cloud-init[959]: | . .oo o Bo  oo  |
[   47.541956] cloud-init[959]: |. o ... ooo o. + |
[   47.542102] cloud-init[959]: | . . .  S=.*. . .|
[   47.542247] cloud-init[959]: |        o ..o    |
[   47.542394] cloud-init[959]: |                 |
[   47.542541] cloud-init[959]: |                 |
[   47.542687] cloud-init[959]: |                 |
[   47.542981] cloud-init[959]: +----[SHA256]-----+
[   47.543133] cloud-init[959]: Generating public/private dsa key pair.
[   47.543276] cloud-init[959]: Your identification has been saved in /etc/ssh/ssh_host_dsa_key.
[   47.543422] cloud-init[959]: Your public key has been saved in /etc/ssh/ssh_host_dsa_key.pub.
[   47.543569] cloud-init[959]: The key fingerprint is:
[   47.543715] cloud-init[959]: SHA256:Ag5vVe587sVcdLNoP8Cci5kfyoj9MvqSUtH50iEkBBo root@ubuntu-xenial
[0;32m  OK  [0m] Started Timer to automatically refresh installed snaps.
         Starting Socket activation for snappy daemon.
[   47.543883] cloud-init[959]: The key's randomart image is:
[   49.246330] cloud-init[959]: +---[DSA 1024]----+
[   49.246620] cloud-init[959]: |   E .o..        |
[[0;32m  OK  [0m] Started ACPI Events Check.
[[   49.246739] cloud-init[959]: |    o  + .       |
[   49.480635] cloud-init[959]: |  ... . = .   ...|
[0;32m  OK  [0m] Reached target Paths.
[[   49.480711] cloud-init[959]: |   + o + + .o.o.o|
[   49.672854] cloud-init[959]: |    + . S = .B.. |
[0;32m  OK  [0m] Listening on UUID daemon activation socket.
[[   49.672957] cloud-init[959]: |   .   o + ==.+  |
[   49.784101] cloud-init[959]: |      . . o++o o |
[0;32m  OK  [0m] Started Daily Cleanup of Temporary Directories.
[   49.784151] cloud-init[959]: |     . oo+o.o . .|
[   50.044251] cloud-init[959]: |      .o++=+ .   |
[   50.044541] cloud-init[959]: +----[SHA256]-----+
         Starting LXD - unix socket.
[[   50.044686] cloud-init[959]: Generating public/private ecdsa key pair.
[   50.205243] cloud-init[959]: Your identification has been saved in /etc/ssh/ssh_host_ecdsa_key.
[0;32m  OK  [0m] Started Daily apt download activities.
[[   50.205349] cloud-init[959]: Your public key has been saved in /etc/ssh/ssh_host_ecdsa_key.pub.
[   50.468792] cloud-init[959]: The key fingerprint is:
[0;32m  OK  [0m] Started Daily apt upgrade and clean activities.
[[   50.468864] cloud-init[959]: SHA256:PRYd+XX/ko4E4HuVIBN5AaMSuPSOhdCnqgJjR4VhOxo root@ubuntu-xenial
[   50.696735] cloud-init[959]: The key's randomart image is:
[0;32m  OK  [0m] Reached target Timers.
[   50.696820] cloud-init[959]: +---[ECDSA 256]---+
[   50.884400] cloud-init[959]: | . ++   ++....   |
[   50.884638] cloud-init[959]: |. =.oo .=.o...  o|
[[0;32m  OK  [0m] Listening on Socket activation for snappy daemon.
[   50.884750] cloud-init[959]: | E Oo .. =...o .o|
[   50.994033] cloud-init[959]: |  *.+.  ....o . .|
[[0;32m  OK  [0m] Listening on LXD - unix socket.
[   50.994104] cloud-init[959]: | o.+    S.+o   ..|
[   51.172959] cloud-init[959]: |+....   ..... o .|
[   51.173184] cloud-init[959]: |+..      . . o . |
[[0;32m  OK  [0m] Started iSCSI initiator daemon (iscsid).
[   51.173302] cloud-init[959]: |o           . .  |
[   51.207216] cloud-init[959]: |.                |
[   51.257017] cloud-init[959]: +----[SHA256]-----+
[   51.257259] cloud-init[959]: Generating public/private ed25519 key pair.
         Starting Login to default iSCSI targets...
[[   51.257411] cloud-init[959]: Your identification has been saved in /etc/ssh/ssh_host_ed25519_key.
[   51.456639] cloud-init[959]: Your public key has been saved in /etc/ssh/ssh_host_ed25519_key.pub.
[0;32m  OK  [0m] Reached target Sockets.
[   51.456749] cloud-init[959]: The key fingerprint is:
[   51.613029] cloud-init[959]: SHA256:QAbtEMaCx80Tr5pmQygK9+NOO08X/2xp82BJ8PkTEyU root@ubuntu-xenial
[[0;32m  OK  [0m] Reached target Basic System.
[   51.613106] cloud-init[959]: The key's randomart image is:
[   51.900739] cloud-init[959]: +--[ED25519 256]--+
[   51.900955] cloud-init[959]: | o +==o       E .|
         Starting LSB: Record successful boot for GRUB...
[   51.901060] cloud-init[959]: |. +.*+.        o |
[   52.132271] cloud-init[959]: | . . +o   .   .  |
[   52.132543] cloud-init[959]: | .   ...   o . . |
         Starting System Logging Service...
[   52.132697] cloud-init[959]: |+ o .   S   + o  |
[   52.332845] cloud-init[959]: |+o +     o . o o |
[   52.333082] cloud-init[959]: |. * + . . . +.o  |
         Starting Accounts Service...
[   52.333232] cloud-init[959]: | o +.+ .   +=. . |
[[   52.412506] cloud-init[959]: |   .+o.    ooo.  |
[   52.412592] cloud-init[959]: +----[SHA256]-----+
[0;32m  OK  [0m] Started D-Bus System Message Bus.
         Starting /etc/rc.local Compatibility...
[[0;32m  OK  [0m] Started FUSE filesystem for LXC.
[[0;32m  OK  [0m] Started Unattended Upgrades Shutdown.
[[0;32m  OK  [0m] Started ACPI event daemon.
[[0;32m  OK  [0m] Started Deferred execution scheduler.
         Starting LXD - container startup/shutdown...
         Starting Login Service...
         Starting LSB: MD monitoring daemon...
         Starting Pollinate to seed the pseudo random number generator...
         Starting Apply the settings specified in cloud-config...
[[0;32m  OK  [0m] Started Regular background program processing daemon.
         Starting Snappy daemon...
[[0;32m  OK  [0m] Started System Logging Service.
[[0;32m  OK  [0m] Started /etc/rc.local Compatibility.
[[0;32m  OK  [0m] Started LXD - container startup/shutdown.
[[0;32m  OK  [0m] Started LSB: Record successful boot for GRUB.
[[0;32m  OK  [0m] Started Snappy daemon.
[[0;32m  OK  [0m] Started Login to default iSCSI targets.
[[0;32m  OK  [0m] Started LSB: MD monitoring daemon.
         Starting Authenticate and Authorize Users to Run Privileged Tasks...
[[0;32m  OK  [0m] Reached target Remote File Systems (Pre).
[[0;32m  OK  [0m] Reached target Remote File Systems.
[   53.303897] cloud-init[1130]: Generating locales (this might take a while)...
         Starting LSB: automatic crash report generation...
         Starting LSB: daemon to balance interrupts for SMP systems...
         Starting LSB: VirtualBox Linux Additions...
         Starting LSB: Set the CPU Frequency Scaling governor to "ondemand"...
         Starting Permit User Sessions...
[[0;32m  OK  [0m] Started Permit User Sessions.
[[0;32m  OK  [0m] Started Login Service.
[[0;32m  OK  [0m] Started Authenticate and Authorize Users to Run Privileged Tasks.
[[0;32m  OK  [0m] Started Accounts Service.
[[0;32m  OK  [0m] Started LSB: automatic crash report generation.
[[0;32m  OK  [0m] Started LSB: daemon to balance interrupts for SMP systems.
         Starting Hold until boot process finishes up...
         Starting Terminate Plymouth Boot Screen...
[[0;32m  OK  [0m] Started LSB: VirtualBox Linux Additions.
[[0;32m  OK  [0m] Started LSB: Set the CPU Frequency Scaling governor to "ondemand".
[[0;32m  OK  [0m] Started Hold until boot process finishes up.
[[0;32m  OK  [0m] Started Terminate Plymouth Boot Screen.
[[0;32m  OK  [0m] Started Serial Getty on ttyS0.
[[0;32m  OK  [0m] Started Getty on tty1.
[[0;32m  OK  [0m] Reached target Login Prompts.
[   54.173966] cloud-init[1130]:   en_US.UTF-8... done
         Starting Set console scheme...
[   54.233136] cloud-init[1130]: Generation complete.
[[0;32m  OK  [0m] Started Set console scheme.
[   54.521115] cloud-init[1130]: Cloud-init v. 17.1 running 'modules:config' at Wed, 07 Feb 2018 04:29:23 +0000. Up 53.16 seconds.
[[0;32m  OK  [0m] Started Apply the settings specified in cloud-config.
[[0;32m  OK  [0m] Started Pollinate to seed the pseudo random number generator.
         Starting OpenBSD Secure Shell server...
[[0;32m  OK  [0m] Started OpenBSD Secure Shell server.
[[0;32m  OK  [0m] Reached target Multi-User System.
         Starting Execute cloud user/final scripts...
[[0;32m  OK  [0m] Reached target Graphical Interface.
         Starting Update UTMP about System Runlevel Changes...
[[0;32m  OK  [0m] Started Update UTMP about System Runlevel Changes.
ci-info: no authorized ssh keys fingerprints found for user ubuntu.
<14>Feb  7 04:29:26 ec2: 
<14>Feb  7 04:29:26 ec2: #############################################################
<14>Feb  7 04:29:26 ec2: -----BEGIN SSH HOST KEY FINGERPRINTS-----
<14>Feb  7 04:29:26 ec2: 1024 SHA256:Ag5vVe587sVcdLNoP8Cci5kfyoj9MvqSUtH50iEkBBo root@ubuntu-xenial (DSA)
<14>Feb  7 04:29:26 ec2: 256 SHA256:PRYd+XX/ko4E4HuVIBN5AaMSuPSOhdCnqgJjR4VhOxo root@ubuntu-xenial (ECDSA)
<14>Feb  7 04:29:26 ec2: 256 SHA256:QAbtEMaCx80Tr5pmQygK9+NOO08X/2xp82BJ8PkTEyU root@ubuntu-xenial (ED25519)
<14>Feb  7 04:29:26 ec2: 2048 SHA256:fbUNhHnEKk8O2hhFAMDkU1BA1t3S6EW0RiU4MyIqfQc root@ubuntu-xenial (RSA)
<14>Feb  7 04:29:26 ec2: -----END SSH HOST KEY FINGERPRINTS-----
<14>Feb  7 04:29:26 ec2: #############################################################
-----BEGIN SSH HOST KEY KEYS-----
ecdsa-sha2-nistp256 AAAAE2VjZHNhLXNoYTItbmlzdHAyNTYAAAAIbmlzdHAyNTYAAABBBF94PaLBXwDa2gVoD7OSWPjFLyWT8AMRc6dohqokQBqvwR8mrAYsmsKVmgtItwuteNdyifr3ctwnatTq9XjaT0c= root@ubuntu-xenial
ssh-ed25519 AAAAC3NzaC1lZDI1NTE5AAAAIHMpEPn8tRIJ98Pv3IzFtdtuam/w3jooIiU8dxdyf2m4 root@ubuntu-xenial
ssh-rsa AAAAB3NzaC1yc2EAAAADAQABAAABAQDQxt+MDDMe3y45ZLbocLmP/uz4bZatATlbeX0Ri9NvRPo7pFmcsNs1glJbMHextC4XaulrwbGLqT2CJllFcvhXlBLaI+e8OUicFzYqY6yoRYoVzkAgGGiRFzTiraBl5NGEI3QwYpKAw08zOfNnfbk9NII9zz6atHjJo0vVpv+R3fxTYcyn5NRgdHgqHIqZCQDgv1/PH9XBV9HD7pueFTvpPgx1G3fMKmSy5p4jabOZ0KYVB27tqJgjpr7TB8ccolo/Px7phnrV7Wf+bd26o+sEW430t1Qwj2WuOThh0rjh3NURtzOSj3gsXdwFVlIhdriSZn3IhxDYNpnOq27F7acR root@ubuntu-xenial
-----END SSH HOST KEY KEYS-----
[[0;32m  OK  [0m] Created slice User Slice of vagrant.
[   56.548513] cloud-init[1309]: Cloud-init v. 17.1 running 'modules:final' at Wed, 07 Feb 2018 04:29:26 +0000. Up 55.51 seconds.
[   56.717065] cloud-init[1309]: ci-info: no authorized ssh keys fingerprints found for user ubuntu.
[   56.828996] cloud-init[1309]: Cloud-init v. 17.1 finished at Wed, 07 Feb 2018 04:29:27 +0000. Datasource DataSourceNoCloud [seed=/dev/sdb][dsmode=net].  Up 56.54 seconds
         Starting User Manager for UID 1000...
[[0;32m  OK  [0m] Started User Manager for UID 1000.
[[0;32m  OK  [0m] Started Execute cloud user/final scripts.
[[0;32m  OK  [0m] Started Session 1 of user vagrant.
[[0;32m  OK  [0m] Reached target Cloud-init target.

Ubuntu 16.04.3 LTS ubuntu-xenial ttyS0

ubuntu-xenial login: 