[   .00000Intilingcgro sbsyspuet
  0.0000] Iniaizincgoup bss cp
[   00000] italiznggroususys puct
  0.0000 Lin vrsio4..012generi(bilddgw1-am4-10) ccversn .4.0010609Ubntu 4.-6ubtu~16..5 ) #5-buu MPFri n 9 118:6 UT208 (Unt 4.4.01213geeric.498)    00000]omand li: OOT_AG=/bo/vlinu4..0-1-gnec ot=LELcloumgroot r conletty1onole=yS
[  00000 KRN sppord pus:[   .00000   Ite Gennentel[   .00000] AM AutencAMD[   0.000]   Ctar nturHas
[  .0000]x86/fp xta_oset[: 576,stte_ses2]: 256
[  .0000]x86/u:Supptig XSE eatu 001: 87floangpoinreiste'
[  .00000x86/u:SupporngXSAVfeturex0: 'S rgists'
[  00000 x6/fp SpporngXSAVfeture 04:'AVXegster
    00000]86fp: abledstte fetus 0x cntexsie is 82 tes,sig 'sndrd' rmt.
  0.00000x8/fpuUsng 'zy FPUonext wihes.[   0.000] e0:BIOSroided psial RM p:
   000000]IO-e82 [em 0x0000000000-0x00000000bf] usle
[  00000] IOS-20 [me0x00000009fc00x00000009fff rserv
   0.000] BI-e20: em0x00000000f000x0000000ffff] reerve
   0.0000 BIOe80:[m 0x000000010000x000003ffefffusab
   0.000] BI-e20: me0x000003ff00-0x000003ffff] ACPI data
[    0.000000] BIOS-e820: [mem 0x00000000fec00000-0x00000000fec00fff] reserved
[    0.000000] BIOS-e820: [mem 0x00000000fee00000-0x00000000fee00fff] reserved
[    0.000000] BIOS-e820: [mem 0x00000000fffc0000-0x00000000ffffffff] reserved
[    0.000000] NX (Execute Disable) protection: active
[    0.000000] SMBIOS 2.5 present.
[    0.000000] Hypervisor detected: KVM
[    0.000000] e820: last_pfn = 0x3fff0 max_arch_pfn = 0x400000000
[    0.000000] MTRR: Disabled
[    0.000000] x86/PAT: MTRRs disabled, skipping PAT initialization too.
[    0.000000] CPU MTRRs all blank -irualied sstem
[   0.000] x8PA: Confgution0-]: W W  UCUC WB T UC- C 
[    00000] un SMPP-ablet mem 009fff-0009ff]mappe a[fff880009fff0
[   0.0000 Scain 1ars or lw moryorupti
    00000]AMISK:me 0x3dc00-0755fff
[   0.0000 ACP Erly bl chesu verfition dibld
[    0000] AI:RSP 0x000000E000 002 (v0VBX  )[   0.000] ACP: SDT 000000FF0030003C (1 BOX VBXXSD000000AS  00001)
[   .00000ACPI FP xx000003FF0F 0004 v04 OX  OXCP 00001 A  000006
[    00000] PI DSD0x000003FF04 021FFv0 VBO  BOXBOS 00000INL 20058)
  0.0000 ACP FCS 0x000003F020 0040
[  00000] CPI:FA 0x00000FFF00 0004
[   0.000] AI:APICx000003FFF240 00C (v VOX  BOAPIC000001AS  00001)
[   00000]CP: SS 0000000FFF00 001C(v1 OX VBOCP 00000 INT200052
    0.000] No MAconfurtion fnd
[    0.000]Fakig  nde a [m 0x000000000000-000000ffeff]
[  00000 NDE_DTA) lloced[memx3feb0-03ffeff
[  00000] vm-cck Usi mrs 46401 a 456400[    0.0000] vm-clok:cp 0, msr0:fe301,rimary cpu clock
[    0.000000] kvm-clock: using sched offset of 3531551318 cycles
[    0.000000] clocksource: kvm-clock: mask: 0xffffffffffffffff max_cycles: 0x1cd42e4dffb, max_idle_ns: 881590591483 ns
[    0.000000] Zone ranges:
[    0.000000]   DMA      [mem 0x000000000000100-000000000ffff
   0.000   D32   [m x000000100000x0000003ffeff]
[  .00000]  Nrmal epty
[    0.000000]   Device   empty
[    0.000000] Movable zone start for each node
[    0.000000] Early memory node ranges
[    0.000000]   node   0: [mem 0x0000000000001000-0x000000000009efff]
[    0.000000]   node   0: [mem 0x0000000000100000-0x000000003ffeffff]
[    0.000000] Initmem setup node 0 [mem 0x0000000000001000-0x000000003ffeffff]
[    0.000000] ACPI: PM-Timer IO Port: 0x4008
[    0.000000] IOAPIC[0]: apic_id 2, version 32, address 0xfec00000, GSI 0-23
[    0.000000] ACPI: INT_SRC_OVR (bus 0 bus_irq 0 global_irq 2 dfl dfl)
[    0.000000] ACI:INT_SRC_OVR (bus 0 bus_irq 9 global_irq 9 low level)
[    0.000000] Using ACPI (MADT) for SMP configuration information
[    0.000000] smpboot: Allowing 2 CPUs, 0 hotplug CPUs
[    0.000000] PM: Registered nosave memory: [mem 0x00000000-0x00000fff]
[    0.000000] PM: Registered nosave memory: [mem 0x0009f000-0x0009ffff]
[    0.000000] PM: Registered nosave memory: [mem 0x000a0000-0x000effff]
[    0.000000] PM: Registered nosave memory: [mem 0x000f0000-0x000fffff]
[     00000]82: [mm 4000000xfefff] ailble r CI dics
[    0.000000] Booting paravirtualized kernel n M
[   00000 cocksur: reinedjiffs:mask0xfffff ax_cle: 0xfffff,axidlens7645960215 n
  0.00000 sup_pcp: NRPU:512 n_cmaskit:512r_puid2 nrode_ds
   0000] PCP: Emddd 34ags/cp@fff883f000 9544812 d31528 u1856    00000]V splok ha tble tres: 6 orde 0 409bys)
  0.0000] uilt znelis n Noe de, biity ouing . Tota pge: 2513
[    00000] liy zo: MA32[   .00000 Kne comndlineBOT_IME=bootvmnuz-4.-112enric otLABEcludimrotfs  cnsoltt1 cosoe=tyS0[    00000] D ash ab entes 409(oder:, 2768 byts)
[    .000] Mery 10040/10420 avalae (89Kkern cde, 09 rat 398 rdata 18K it,1316bs, 4638K servd,K cma-seed)    .00000] UB HWaig64, de=0-3 MObject0,CPUs, odes
    00000]erelUs pgeabs isaton: abed
  0.000000 Hrarchicl U imleenatio
[    0.00] 	Bui-tme ausmentofeaf not to4.
[    0.000000] 	RC rtrctingPU froNRCPUS12to ncp_ids2.
[  0.0000 RU: Ajuing omtryforc_fant_eaf=, r_cpid=2
  0.0000 NR_QS3302nrirqs4016
  0.0000 Conle colr GA+ 8x2
[    00000]onole ty] enle
[  00000] onsolettyS ebled[    0.000000] tsc: Detected 2494.240 MHz processor
[   26.748315] Calibrating delay loop (skipped) preset value.. 4988.48 BogoMIPS (lpj=9976960)
[   26.993769] pid_max: default: 32768 minimum: 301
[   27.125591] ACPI: Core revision 20150930
[   27.171883] ACPI: 2 ACPI AML tables successfully acquired and loaded
[   27.290664] Security Framework initialized
[   27.396335] Yama: becoming mindful.
[   27.461098] AppArmor: AppArmor initialized
[   27.567922] Dentry cache hash table entries: 131072 (order: 8, 1048576 bytes)
[   27.604479] Inode-cache hash table entries: 65536 (order: 7, 524288 bytes)
[   27.623018] Mount-cache hash table entries: 2048 (order: 2, 16384 bytes)
[   27.624295] Mountpoint-cache hash table entries: 2048 (order: 2, 16384 bytes)
[   27.625794] Initializing cgroup subsys io
[   27.626702] Initializing cgroup subsys memory
[   27.627630] Initializing cgroup subsys devices
[   27.628574] Initializing cgroup subsys freezer
[   27.629504] Initializing cgroup subsys net_cls
[   27.630460] Initializing cgroup subsys perf_event
[   27.635353] Initializing cgroup subsys net_prio
[   27.636305] Initializing cgroup subsys hugetlb
[   27.689537] Initializing cgroup subsys pids
[   27.809971] CPU: Physical Processor ID: 0
[   27.937946] CPU: Processor Core ID: 0
[   28.062120] FEATURE SPEC_CTRL Not Present
[   28.195033] mce: CPU supports 0 MCE banks
[   28.333915] Last level iTLB entries: 4KB 1024, 2MB 1024, 4MB 1024
[   28.534358] Last level dTLB entries: 4KB 1024, 2MB 1024, 4MB 1024, 1GB 4
[   28.736966] Freeing SMP alternatives memory: 32K
[   28.876527] ftrace: allocating 32180 entries in 126 pages
[   29.111178] smpboot: APIC(0) Converting physical 0 to logical package 0
[   29.318433] smpboot: Max logical packages: 1
[   29.471164] x2apic enabled
[   29.552229] Switched APIC routing to physical x2apic.
[   29.696960] ..TIMER: vector=0x30 apic1=0 pin1=2 apic2=-1 pin2=-1
[   29.814585] smpboot: CPU0: Intel(R) Core(TM) i7-4710HQ CPU @ 2.50GHz (family: 0x6, model: 0x3c, stepping: 0x3)
[   30.135554] Performance Events: unsupported p6 CPU model 60 no PMU driver, software events only.
[   30.195590] KVM setup paravirtual spinlock
[   30.207572] x86: Booting SMP configuration:
[   30.208492] .... node  #0, CPUs:      #1
[   30.209471] kvm-clock: cpu 1, msr 0:3ffe3041, secondary cpu clock
[   30.396749] mce: CPU supports 0 MCE banks
[   30.489676] x86: Booted up 1 node, 2 CPUs
[   30.614942] smpboot: Total of 2 processors activated (9976.96 BogoMIPS)
[   30.633417] devtmpfs: initialized
[   30.719895] evm: security.selinux
[   30.787650] evm: security.SMACK64
[   30.788443] evm: security.SMACK64EXEC
[   30.789281] evm: security.SMACK64TRANSMUTE
[   30.790170] evm: security.SMACK64MMAP
[   30.791003] evm: security.ima
[   30.849220] evm: security.capability
[   30.952128] clocksource: jiffies: mask: 0xffffffff max_cycles: 0xffffffff, max_idle_ns: 7645041785100000 ns
[   31.067349] futex hash table entries: 512 (order: 3, 32768 bytes)
[   31.096950] pinctrl core: initialized pinctrl subsystem
[   31.254183] RTC time:  4:54:39, date: 02/07/18
[   31.402790] NET: Registered protocol family 16
[   31.552087] cpuidle: using governor ladder
[   31.599263] cpuidle: using governor menu
[   31.718941] PCCT header not found.
[   31.769859] ACPI: bus type PCI registered
[   31.835272] acpiphp: ACPI Hot Plug PCI Controller Driver version: 0.5
[   31.846887] PCI: Using configuration type 1 for base access
[   31.859529] ACPI: Added _OSI(Module Device)
[   31.946259] ACPI: Added _OSI(Processor Device)
[   32.080191] ACPI: Added _OSI(3.0 _SCP Extensions)
[   32.220025] ACPI: Added _OSI(Processor Aggregator Device)
[   32.397774] ACPI: Executed 1 blocks of module-level executable AML code
[   32.537085] ACPI: Interpreter enabled
[   32.634475] ACPI: (supports S0 S5)
[   32.735195] ACPI: Using IOAPIC for interrupt routing
[   32.844885] PCI: Using host bridge windows from ACPI; if necessary, use "pci=nocrs" and report a bug
[   32.892480] ACPI: PCI Root Bridge [PCI0] (domain 0000 [bus 00-ff])
[   33.102822] acpi PNP0A03:00: _OSC: OS supports [ASPM ClockPM Segments MSI]
[   33.309149] acpi PNP0A03:00: _OSC: not requesting OS control; OS requires [ExtendedConfig ASPM ClockPM MSI]
[   33.599872] acpi PNP0A03:00: fail to add MMCONFIG information, can't access extended PCI configuration space under this bridge.
[   33.839217] PCI host bridge to bus 0000:00
[   33.840109] pci_bus 0000:00: root bus resource [io  0x0000-0x0cf7 window]
[   33.841409] pci_bus 0000:00: root bus resource [io  0x0d00-0xffff window]
[   33.842702] pci_bus 0000:00: root bus resource [mem 0x000a0000-0x000bffff window]
[   33.844320] pci_bus 0000:00: root bus resource [mem 0x40000000-0xfdffffff window]
[   33.913148] pci_bus 0000:00: root bus resource [bus 00-ff]
[   33.936148] pci 0000:00:01.1: legacy IDE quirk: reg 0x10: [io  0x01f0-0x01f7]
[   33.962281] pci 0000:00:01.1: legacy IDE quirk: reg 0x14: [io  0x03f6]
[   34.058480] pci 0000:00:01.1: legacy IDE quirk: reg 0x18: [io  0x0170-0x0177]
[   34.162595] pci 0000:00:01.1: legacy IDE quirk: reg 0x1c: [io  0x0376]
[   34.400668] pci 0000:00:07.0: quirk: [io  0x4000-0x403f] claimed by PIIX4 ACPI
[   34.645669] pci 0000:00:07.0: quirk: [io  0x4100-0x410f] claimed by PIIX4 SMB
[   34.876333] ACPI: PCI Interrupt Link [LNKA] (IRQs 5 9 10 *11)
[   34.979235] ACPI: PCI Interrupt Link [LNKB] (IRQs 5 9 *10 11)
[   35.004971] ACPI: PCI Interrupt Link [LNKC] (IRQs 5 *9 10 11)
[   35.027846] ACPI: PCI Interrupt Link [LNKD] (IRQs 5 9 10 *11)
[   35.042148] ACPI: Enabled 2 GPEs in block 00 to 07
[   35.043625] vgaarb: setting as boot device: PCI:0000:00:02.0
[   35.192919] vgaarb: device added: PCI:0000:00:02.0,decodes=io+mem,owns=io+mem,locks=none
[   35.250931] vgaarb: loaded
[   35.338512] vgaarb: bridge control possible 0000:00:02.0
[   35.487508] SCSI subsyytem initialized
[   35.559865] ACPI: bus type USB registered
[   35.677827] usbcore: registered new interface driver usbfs
[   35.812795] usbcore: registered new interface driver hub
[   35.968216] usbcore: registered new device driver usb
[   36.065576] PCI: Using ACPI for IRQ routing
[   36.092513] NetLabel: Initializing
[   36.120699] NetLabel:  domain hash size = 128
[   36.151286] NetLabel:  protocols = UNLABELED CIPSOv4
[   36.172621] NetLabel:  unlabeled traffic allowed by default
[   36.183989] amd_nb: Cannot enumerate AMD northbridges
[   36.339713] clocksource: Switched to clocksource kvm-clock
[   .577 AArr:ppmoFisyemnaed[ 37673]pnp:PnACPI it[ 37588]npPnAC: un3 vis
[   38.138207] clocksource: acpi_pm: mask: 0xffffff max_cycles: 0xffffff, max_idle_ns: 2085701024 ns
[   38.270291] NET: Registered protocol family 2
[   38.271383] TCP established hash table entries: 8192 (order: 4, 65536 bytes)
[   38.281046] TCP bind hash table entries: 8192 (order: 5, 131072 bytes)
[   38.282330] TCP: Hash tables configured (established 8192 bind 8192)
[   38.283589] UDP hash table entries: 512 (order: 2, 16384 bytes)
[   38.284801] UDP-Lite hash table entries: 512 (order: 2, 16384 bytes)
[   38.286078] NET: Registered protocol family 1
[   38.287042] pci 0000:00:00.0: Limiting direct PCI/PCI transfers
[   38.472871] pci 0000:00:01.0: Activating ISA DMA hang workarounds
[   38.667575] Unpacking initramfs...
[   40.818955] Freeing initrd memory: 10792K
[   40.847117] RAPL PMU detected, API unit is 2^-32 Joules, 4 fixed counters 10737418240 ms ovfl timer
[   40.895695] hw unit of domain pp0-core 2^-0 Joules
[   41.002364] hw unit of domain package 2^-0 Joules
[   41.135829] hw unit of domain dram 2^-0 Joules
[   41.284429] hw unit of domain pp1-gpu 2^-0 Joules
[   413197] laformtcmo: egstre pator RC eve o P vi fnd
[ 42324]cani for lowmemo crutin vey 0 ecnd
[ 42746]scReneTSclksrccabrti: 493.6 z
[   3.13] loksure:ts: as 0ffffffffffff m_cle 03fca34maidles:449589 n
ÿ[  43.882]udt:intilingetnkubs isle
[   43.988445] audit: type=2000 audit(1517979262.186:1): initialized
[   43.988744] Initialise system trusted keyring
[   43.988841] HugeTLB registered 2 MB page size, pre-allocated 0 pages
[   43.990341] zbud: loaded
[   43.990514] VFS: Disk quotas dquot_6.6.0
[   43.990544] VFS: Dquot-cache hash table entries: 512 (order 0, 4096 bytes)
[   43.990794] squashfs: version 4.0 (2009/01/31) Phillip Lougher
[   43.991035] fuse init (API version 7.23)
[   43.991158] Key type big_key registered
[   43.991183] Allocating IMA MOK and blacklist keyrings.
[   43.991368] Key type asymmetric registered
[   43.991374] Asymmetric key parser 'x509' registered
[   43.991408] Block layer SCSI generic (bsg) driver version 0.4 loaded (major 249)
[   43.991427] io scheduler noop registered
[   43.991429] io scheduler deadline registered (default)
[   43.991456] io scheduler cfq registered
[   43.991548] pci_hotplug: PCI Hot Plug PCI Core version: 0.5
[   43.991554] pciehp: PCI Express Hot Plug Controller Driver version: 0.4
[   43.991709] ACPI: AC Adapter [AC] (on-line)
[   43.991762] input: Power Button as /devices/LNXSYSTM:00/LNXPWRBN:00/input/input0
[   43.991765] ACPI: Power Button [PWRF]
[   43.991862] input: Sleep Button as /devices/LNXSYSTM:00/LNXSLPBN:00/input/input1
[   43.991864] ACPI: Sleep Button [SLPF]
[   43.992021] GHES: HEST is not enabled!
[   43.992095] Serial: 8250/16550 driver, 32 ports, IRQ sharing enabled
[   44.722510] 00:02: ttyS0 at I/O 0x3f8 (irq = 4, base_baud = 115200) is a 16550A
[   45.351750] Linux agpgart interface v0.103
[   45.563662] loop: module loaded
[   45.564256] scsi host0: ata_piix
[   45.564313] scsi host1: ata_piix
[   45.564345] ata1: PATA max UDMA/33 cmd 0x1f0 ctl 0x3f6 bmdma 0xd000 irq 14
[   45.564346] ata2: PATA max UDMA/33 cmd 0x170 ctl 0x376 bmdma 0xd008 irq 15
[   45.564421] libphy: Fixed MDIO Bus: probed
[   45.564423] tun: Universal TUN/TAP device driver, 1.6
[   45.564424] tun: (C) 1999-2004 Max Krasnyansky <maxk@qualcomm.com>
[   45.564460] PPP generic driver version 2.4.2
[   45.564506] ehci_hcd: USB 2.0 'Enhanced' Host Controller (EHCI) Driver
[   45.564509] ehci-pci: EHCI PCI platform driver
[   45.564523] ehci-platform: EHCI generic platform driver
[   45.564531] ohci_hcd: USB 1.1 'Open' Host Controller (OHCI) Driver
[   45.564534] ohci-pci: OHCI PCI platform driver
[   45.564542] ohci-platform: OHCI generic platform driver
[   45.564548] uhci_hcd: USB Universal Host Controller Interface driver
[   45.564602] i8042: PNP: PS/2 Controller [PNP0303:PS2K,PNP0f03:PS2M] at 0x60,0x64 irq 1,12
[   45.565635] ACPI: Battery Slot [BAT0] (battery present)
[   45.574718] serio: i8042 KBD port at 0x60,0x64 irq 1
[   45.574725] serio: i8042 AUX port at 0x60,0x64 irq 12
[   45.574865] mousedev: PS/2 mouse device common for all mice
[   45.575224] rtc_cmos rtc_cmos: rtc core: registered rtc_cmos as rtc0
[   45.575286] rtc_cmos rtc_cmos: alarms up to one day, 114 bytes nvram
[   45.575294] i2c /dev entries driver
[   45.575354] device-mapper: uevent: version 1.0.3
[   45.575409] device-mapper: ioctl: 4.34.0-ioctl (2015-10-28) initialised: dm-devel@redhat.com
[   45.575430] ledtrig-cpu: registered to indicate activity on CPUs
[   45.575799] NET: Registered protocol family 10
[   45.576009] NET: Registered protocol family 17
[   45.576023] Key type dns_resolver registered
[   45.592303] microcode: CPU0 sig=0x306c3, pf=0x40, revision=0x0
[   45.592328] microcode: CPU1 sig=0x306c3, pf=0x40, revision=0x0
[   45.592423] microcode: Microcode Update Driver: v2.01 <tigran@aivazian.fsnet.co.uk>, Peter Oruba
[   45.592555] registered taskstats version 1
[   45.592568] Loading compiled-in X.509 certificates
[   45.593315] Loaded X.509 cert 'Build time autogenerated kernel key: 4c603087bab8f0a02cb3b4e1fb4c40f507e71ef1'
[   45.593339] zswap: loaded using pool lzo/zbud
[   45.595342] Key type trusted registered
[   45.598822] Key type encrypted registered
[   45.598828] AppArmor: AppArmor sha1 policy hashing enabled
[   45.598832] ima: No TPM chip found, activating TPM-bypass!
[   45.598850] evm: HMAC attrs: 0x1
[   45.599167]   Magic number: 6:811:918
[   45.629836] rtc_cmos rtc_cmos: setting system clock to 2018-02-07 04:54:54 UTC (1517979294)
[   45.629998] BIOS EDD facility v0.16 2004-Jun-25, 0 devices found
[   45.629999] EDD information not available.
[   46.358311] input: AT Translated Set 2 keyboard as /devices/platform/i8042/serio0/input/input2
[   49.846736] Freeing unused kernel memory: 1508K
[   49.865155] Write protecting the kernel read-only data: 14336k
[   49.872303] Freeing unused kernel memory: 1728K
[   49.930832] Freeing unused kernel memory: 108K
Loading, please [   50.089159] random: systemd-udevd: uninitialized urandom read (16 bytes read, 4 bits of entropy available)
wait...
starting version 229
[   50.089959] random: udevadm: uninitialized urandom read (16 bytes read, 4 bits of entropy available)
[   50.089989] random: udevadm: uninitialized urandom read (16 bytes read, 4 bits of entropy available)
[   50.097779] random: systemd-udevd: uninitialized urandom read (16 bytes read, 4 bits of entropy available)
[   50.099774] random: systemd-udevd: uninitialized urandom read (16 bytes read, 4 bits of entropy available)
[   50.101822] random: systemd-udevd: uninitialized urandom read (16 bytes read, 4 bits of entropy available)
[   50.103750] random: udevadm: uninitialized urandom read (16 bytes read, 4 bits of entropy available)
[   50.103806] random: udevadm: uninitialized urandom read (16 bytes read, 4 bits of entropy available)
[   50.104073] random: udevadm: uninitialized urandom read (16 bytes read, 4 bits of entropy available)
[   50.104155] random: udevadm: uninitialized urandom read (16 bytes read, 4 bits of entropy available)
[   50.175019] e1000: Intel(R) PRO/1000 Network Driver - version 7.3.21-k8-NAPI
[   50.258027] e1000: Copyright (c) 1999-2006 Intel Corporation.
[   50.263672] Fusion MPT base driver 3.04.20
[   50.270064] Copyright (c) 1999-2008 LSI Corporation
[   50.275879] Fusion MPT SPI Host driver 3.04.20
[   50.290378] AVX2 version of gcm_enc/dec engaged.
[   50.304432] AES CTR mode by8 optimization enabled
[   50.517182] input: ImExPS/2 Generic Explorer Mouse as /devices/platform/i8042/serio1/input/input4
[   50.644880] e1000 0000:00:03.0 eth0: (PCI:33MHz:32-bit) 02:1f:2a:60:99:e3
[   50.644884] e1000 0000:00:03.0 eth0: Intel(R) PRO/1000 Network Connection
[   51.012958] e1000 0000:00:08.0 eth1: (PCI:33MHz:32-bit) 08:00:27:c5:c2:72
[   51.063016] e1000 0000:00:08.0 eth1: Intel(R) PRO/1000 Network Connection
[   51.186999] e1000 0000:00:08.0 enp0s8: renamed from eth1
[   51.204553] mptbase: ioc0: Initiating bringup
[   51.232390] e1000 0000:00:03.0 enp0s3: renamed from eth0
[   51.364353] ioc0: LSI53C1030 A0: Capabilities={Initiator}
[   51.662820] scsi host2: ioc0: LSI53C1030 A0, FwRev=00000000h, Ports=1, MaxQ=256, IRQ=20
[   51.776211] scsi 2:0:0:0: Direct-Access     VBOX     HARDDISK         1.0  PQ: 0 ANSI: 5
[   51.940564] scsi target2:0:0: Beginning Domain Validation
[   51.954042] scsi target2:0:0: Domain Validation skipping write tests
[   52.661171] scsi target2:0:0: Ending Domain Validation
[   52.669750] scsi target2:0:0: asynchronous
[   52.689469] scsi 2:0:1:0: Direct-Access     VBOX     HARDDISK         1.0  PQ: 0 ANSI: 5
[   52.860629] scsi target2:0:1: Beginning Domain Validation
[   52.862725] scsi target2:0:1: Domain Validation skipping write tests
[   53.280314] floppy0: no floppy controllers found
[   53.280361] work still pending
[   53.649178] scsi target2:0:1: Ending Domain Validation
[   53.684467] scsi target2:0:1: asynchronous
[   53.824313] sd 2:0:0:0: Attached scsi generic sg0 type 0
[   53.941962] sd 2:0:0:0: [sda] 20971520 512-byte logical blocks: (10.7 GB/10.0 GiB)
[   53.942129] sd 2:0:1:0: Attached scsi generic sg1 type 0
[   53.942305] sd 2:0:1:0: [sdb] 20480 512-byte logical blocks: (10.5 MB/10.0 MiB)
[   53.942507] sd 2:0:1:0: [sdb] Write Protect is off
[   53.942642] sd 2:0:1:0: [sdb] Incomplete mode parameter data
[   53.942643] sd 2:0:1:0: [sdb] Assuming drive cache: write through
[   53.944507] sd 2:0:1:0: [sdb] Attached SCSI disk
[   54.033170] sd 2:0:0:0: [sda] Write Protect is off
[   54.034364] sd 2:0:0:0: [sda] Incomplete mode parameter data
[   54.036853] sd 2:0:0:0: [sda] Assuming drive cache: write through
[   54.047389]  sda: sda1
[   54.048721] sd 2:0:0:0: [sda] Attached SCSI disk
Begin: Loading e[   55.452606] md: linear personality registered for level -1
ssential drivers ... [   55.460921] md: multipath personality registered for level -4
[   55.643111] md: raid0 personality registered for level 0
[   55.753720] md: raid1 personality registered for level 1
[   55.852367] raid6: sse2x1   gen()  7799 MB/s
[   55.956001] raid6: sse2x1   xor()  5934 MB/s
[   56.160309] raid6: sse2x2   gen()  9960 MB/s
[   56.315731] raid6: sse2x2   xor()  6401 MB/s
[   56.424259] raid6: sse2x4   gen() 11250 MB/s
[   56.611957] raid6: sse2x4   xor()  7752 MB/s
[   56.824119] raid6: avx2x1   gen() 14776 MB/s
[   57.007902] raid6: avx2x2   gen() 17573 MB/s
[   57.084155] raid6: avx2x4   gen() 19462 MB/s
[   57.223400] raid6: using algorithm avx2x4 gen() 19462 MB/s
[   57.357419] raid6: using avx2x2 recovery algorithm
[   57.438878] xor: automatically using best checksumming function:
[   57.487867]    avx       : 14913.000 MB/sec
[   57.558511] async_tx: api initialized (async)
[   57.567635] md: raid6 personality registered for level 6
[   57.611532] md: raid5 personality registered for level 5
[   57.765026] md: raid4 personality registered for level 4
[   57.919829] md: raid10 personality registered for level 10
done.
Begin: Running /scripts/init-premount ... done.
Begin: Mounti[   58.162079] Btrfs loaded
ng root file system ... Begin: Running /scripts/local-top ... do[   58.239129] EXT4-fs (sda1): mounted filesystem with ordered data mode. Opts: (null)
ne.
Begin: Running /scripts/local-premount ... Scanning for Btrfs filesystems
done.
Warning: fsck not present, so skipping root file system
done.
Begin: Running /scripts/local-bottom ... done.
Begin: Running /scripts/init-bottom ... done.
[   58389]ysemd[: std 9 nng  stemo. (+AMAUT +SLIX MAAPARMO+SCKSYIN +MP+LIBYPET +RY +UT +AC+X-L4 +SCOMP +BLKD +ELFUTILS +KMOD -IDN)

[   0.877] ste[1 Decd rtliti ocl
[   .165] syem1] Decd checture864.

Welcome to [1mUbuntu 16.04.3 LTS[0m!

[ 61696]ysmd]:etosnameto <un>.
[ 624668sytemd[1: itling mhi Ifr rdogerar.[  63.2735] stmd[1 Itaedransntetmainidil.
[ 64558]systd[: reat slicesean Sesonli.
[[0;32m  OK  [0m] Created slice User and Session Slice.
[  68788syem1]Lieng  Sysg ckt.
[[0;32m  OK  [0m] Listening on Syslog Socket.
[ 652833] std[: istengn url ck. [[0;32m  OK  [0m] Listening on Journal Socket.
[ 66.303 ste[1]: Ltengn ourn AitSoet
[[0;32m  OK  [0m] Listening on Journal Audit Socket.
[ 673846] std[: Rech tgeSwap
[[0;32m  OK  [0m] Reached target Swap.
[ 684444syem1] Lisni o Devicmaervet daem FOs

[   8.8085raomnoloin pl  itializ
[[0;32m  OK  [0m] Listening on Device-mapper event daemon FIFOs.
[ 69646]system1]Lienng oud KneSoet
[[0;32m  OK  [0m] Listening on udev Kernel Socket.
[ 709689] syte[1 Reaed rg Uer andro Ne oks.
[[0;32m  OK  [0m] Reached target User and Group Name Lookups.
[   70.984431] systemd[1]: Listening on LVM2 metadata daemon sockt.

[[0;32m  OK  [0m] Listening on LVM2 metadata daemon socket.
[   71.053621] systemd[1]: Created slice System Slice.
[[0;32m  OK  [0m] Created slice System Slice.
[   71.076522] systemd[1]: Mounting Huge Pages File System...
         Mounting Huge Pages File System...
[   71.212614] systemd[1]: Starting Create list of required static device nodes for the current kernel...
         Starting Create list of required st... nodes for the current kernel...
[   71.676543] systemd[1]: Mounting Debug File System...
         Mounting Debug File System...
[   71.837399] systemd[1]: Reached target Slices.
[[0;32m  OK  [0m] Reached target Slices.
[   71.953501] systemd[1]: Starting Set console keymap...
         Starting Set console keymap...
[   72.116380] systemd[1]: Created slice system-serial\x2dgetty.slice.
[[0;32m  OK  [0m] Created slice system-serial\x2dgetty.slice.
[   72.120017] systemd[1]: Mounting POSIX Message Queue File System...
         Mounting POSIX Message Queue File System...
[   72.128651] systemd[1]: Starting Uncomplicated firewall...
         Starting Uncomplicated firewall...
[   72.133416] systemd[1]: Starting Monitoring of LVM2 mirrors, snapshots etc. using dmeventd or progress polling...
         Starting Monitoring of LVM2 mirrors... dmeventd or progress polling...
[   72.168674] systemd[1]: Starting Load Kernel Modules...
         [   72.302843] Loading iSCSI transport class v2.0-870.
Starting Load Ke[   72.427088] iscsi: registered transport (tcp)
rnel Modules...
[   72.521855] systemd[1]: Set up automount Arbitrary Executable File Formats File System Automount Point.
[[0;32m  OK  [0m] Set up automount[   72.661706] iscsi: registered transport (iser)
 Arbitrary Executab...ats File System Automount Point.
[   72.864016] systemd[1]: Starting Remount Root and Kernel File Systems...
         [   73.096328] EXT4-fs (sda1): re-mounted. Opts: (null)
Starting Remount Root and Kernel File Systems...
[  73.61] yste[1 Lteng oJonaSoet/d/l).
[[0;32m  OK  [0m] Listening on Journal Socket (/dev/log).
[   74.152381] systemd[1]: Starting Journal Service...
         Starting Journal Service...
[   74.250167] systemd[1]: Reached target Encrypted Volumes.
[[0;32m  OK  [0m] Reached target Encrypted Volumes.
[   74.252794] systemd[1]: Listening on /dev/initctl Compatibility Named Pipe.
[[0;32m  OK  [0m] Listening on /dev/initctl Compatibility Named Pipe.
[  74.340219] systemd[1]: Listening n VM poll aemosoet

[[0;32m  OK  [0m] Listening on LVM2 poll daemon socket.
[   74.664622] systemd[1]: Started Forward Password Requests to Wall Directory Watch.
[[0;32m  OK  [0m] Started Forward Password Requests to Wall Directory Watch.
[   74.667982] systemd[1]: Started Trigger resolvconf update for networkd DNS.
[[0;32m  OK  [0m] Started Trigger resolvconf update for networkd DNS.
[ 74.908 ste[1 Lteing  uv ontrl ck.
[[0;32m  OK  [0m] Listening on udev Control Socket.
[   75.696170] systemd[1]: Starting Nameserver information manager...
         Starting Nameserver information manager...
[   76.005179] systemd[1]: Mounted Huge Pages File System.
[[0;32m  OK  [0m] Mounted Huge Pages File System.
[ 76.48040]ysmd[1]:Mounedeb Fle Ste
[[0;32m  OK  [0m] Mounted Debug File System.
[   6.22] std[: und OSIX Msageue Fle ysm.
[[0;32m  OK  [0m] Mounted POSIX Message Queue File System.
[   776636 sstmd[1]: StateJorn Servi.
[[0;32m  OK  [0m] Started Journal Service.
[[0;32m  OK  [0m] Started Create list of required sta...ce nodes for the current kernel.
[[0;32m  OK  [0m] Started Set console keymap.
[[0;32m  OK  [0m] Started Uncomplicated firewall.
[[0;32m  OK  [0m] Started Load Kernel Modules.
[[0;32m  OK  [0m] Started Remount Root and Kernel File Systems.
[[0;32m  OK  [0m] Started Nameserver information manager.
[[0;32m  OK  [0m] Started LVM2 metadata daemon.
         Starting Load/Save Random Seed...
         Starting udev Coldplug all Devices...
         Starting Initial cloud-init job (pre-networking)...
         Mounting FUSE Control File System...
         Starting Apply Kernel Variables...
         Starting Create Static Device Nodes in /dev...
         Starting Flush Journal to Persistent Storage...
[[0;32m  OK  [0m] Mounted FUSE Control File System.
[[0;32m  OK  [0m] Started Monitoring of LVM2 mirrors,...ng dmeventd or progress polling.
[[0;32m  OK  [0m] Started Load/Save Random Seed.
[[0;32m  OK  [0m] Started Apply Kernel Variables.
[[0;32m  OK  [0m] Started Create Static Device Nodes in /dev.
[[0;32m  OK  [0m] Started udev Coldplug all Devices.
[[0;32m  OK  [0m] Started Flush Journal to Persistent Storage.
         Starting udev Kernel Device Manager...
[[0;32m  OK  [0m] Started udev Kernel Device Manager.
[[0;32m  OK  [0m] Reached target Local File Systems (Pre).
[[0;32m  OK  [0m] Reached target Local File Systems.
         Starting Commit a transient machine-id on disk...
         Starting LSB: AppArmor initialization...
         Starting Tell Plymouth To Write Out Runtime Data...
         Starting Set console font and keymap...
[   44.179385] cloud-init[442]: Cloud-init v. 17.1 running 'init-local' at Wed, 07 Feb 2018 04:55:28 +0000. Up 43.81 seconds.
         Starting Create Volatile Files and Directories...
[[0;32m  OK  [0m] Started Dispatch Password Requests to Console Directory Watch.
[[0;32m  OK  [0m] Started Commit a transient machine-id on disk.
[[0;32m  OK  [0m] Started Tell Plymouth To Write Out Runtime Data.
[[0;32m  OK  [0m] Started Create Volatile Files and Directories.
[[0;32m  OK  [0m] Started Initial cloud-init job (pre-networking).
[[0;32m  OK  [0m] Found device /dev/ttyS0.
[[0;32m  OK  [0m] Reached target Network (Pre).
[[0;32m  OK  [0m] Reached target System Time Synchronized.
         Starting Update UTMP about System Boot/Shutdown...
[[0;32m  OK  [0m] Started Update UTMP about System Boot/Shutdown.
[[0;32m  OK  [0m] Found device 82540EM Gigabit Ethern...r (PRO/1000 MT Desktop Adapter).
[[0;1;31mFAILED[0m] Failed to start Set console font and keymap.
See 'systemctl status console-setup.service' for details.
[[0;32m  OK  [0m] Created slice system-getty.slice.
[[0;32m  OK  [0m] Listening on Load/Save RF Kill Switch Status /dev/rfkill Watch.
[[0;32m  OK  [0m] Started LSB: AppArmor initialization.
[[0;32m  OK  [0m] Started ifup for enp0s3.
         Starting Raise network interfaces...
[[0;32m  OK  [0m] Started Raise network interfaces.
         Starting Initial cloud-init job (metadata service crawler)...
[[0;32m  OK  [0m] Reached target Network.
[   48.367088] cloud-init[940]: Cloud-init v. 17.1 running 'init' at Wed, 07 Feb 2018 04:55:32 +0000. Up 47.68 seconds.
[   48.481039] cloud-init[940]: ci-info: ++++++++++++++++++++++++++++++++++++++Net device info++++++++++++++++++++++++++++++++++++++
[   48.481328] cloud-init[940]: ci-info: +--------+-------+----------------------------+---------------+-------+-------------------+
[[0;32m  OK  [0m] Started Initial cloud-init job (metadata service crawler).
[   48.481474] cloud-init[940]: ci-info: | Device |   Up  |          Address           |      Mask     | Scope |     Hw-Address    |
[   49.060725] cloud-init[940]: ci-info: +--------+-------+----------------------------+---------------+-------+-------------------+
[   49.061049] cloud-init[940]: ci-info: | enp0s3 |  True |         10.0.2.15          | 255.255.255.0 |   .   | 02:1f:2a:60:99:e3 |
[[0;32m  OK  [0m] Reached target System Initialization.
[[   49.061188] cloud-init[940]: ci-info: | enp0s3 |  True | fe80::1f:2aff:fe60:99e3/64 |       .       |  link | 02:1f:2a:60:99:e3 |
[   49.481516] cloud-init[940]: ci-info: | enp0s8 | False |             .              |       .       |   .   | 08:00:27:c5:c2:72 |
[0;32m  OK  [0m] Started Daily Cleanup of Temporary Directories.
[   49.481639] cloud-init[940]: ci-info: |   lo   |  True |         127.0.0.1          |   255.0.0.0   |   .   |         .         |
[   50.024402] cloud-init[940]: ci-info: |   lo   |  True |          ::1/128           |       .       |  host |         .         |
[   50.024726] cloud-init[940]: ci-info: +--------+-------+----------------------------+---------------+-------+-------------------+
[[0;32m  OK  [0m] Started ACPI Events Check.
[   50.024866] cloud-init[940]: ci-info: +++++++++++++++++++++++++++Route IPv4 info++++++++++++++++++++++++++++
[   50.452740] cloud-init[940]: ci-info: +-------+-------------+----------+---------------+-----------+-------+
[[0;32m  OK  [0m] Reached target Paths.
[   50.452844] cloud-init[940]: ci-info: | Route | Destination | Gateway  |    Genmask    | Interface | Flags |
[   50.876679] cloud-init[940]: ci-info: +-------+-------------+----------+---------------+-----------+-------+
[   50.877004] cloud-init[940]: ci-info: |   0   |   0.0.0.0   | 10.0.2.2 |    0.0.0.0    |   enp0s3  |   UG  |
         Starting LXD - unix socket.
[   50.877165] cloud-init[940]: ci-info: |   1   |   10.0.2.0  | 0.0.0.0  | 255.255.255.0 |   enp0s3  |   U   |
[   51.423162] cloud-init[940]: ci-info: +-------+-------------+----------+---------------+-----------+-------+
[   51.423579] cloud-init[940]: Generating public/private rsa key pair.
[[0;32m  OK  [0m] Started Timer to automatically refresh installed snaps.
[[   51.423719] cloud-init[940]: Your identification has been saved in /etc/ssh/ssh_host_rsa_key.
[   51.711201] cloud-init[940]: Your public key has been saved in /etc/ssh/ssh_host_rsa_key.pub.
[0;32m  OK  [0m] Listening on UUID daemon activation socket.
         Starting Socket activation for snappy daemon.
[   51.711288] cloud-init[940]: The key fingerprint is:
[   51.844408] cloud-init[940]: SHA256:n4iPoRhb4htj8pECRoTeM3OggrcQl8fHeQIXDRIPAUg root@ubuntu-xenial
[   51.844735] cloud-init[940]: The key's randomart image is:
[[0;32m  OK  [0m] Listening on D-Bus System Message Bus Socket.
[[   51.844874] cloud-init[940]: +---[RSA 2048]----+
[   52.125125] cloud-init[940]: |oE.+*=+=         |
[0;32m  OK  [0m] Listtning on ACPID Listen Socket.
[   52.125294] cloud-init[940]: |= o.o== o        |
[   52.265349] cloud-init[940]: |o+o....o         |
[[0;32m  OK  [0m] Reached target Cloud-config availability.
[   52.265509] cloud-init[940]: |=o.= .           |
[   52.428962] cloud-init[940]: |o+ .=   S        |
[[0;32m  OK  [0m] Reached target Network is Online.
[   52.429064] cloud-init[940]: |o ..   . o .     |
         Starting iSCSI initiator daemon (iscsid)...
[[   52.452572] cloud-init[940]: |o O . o . o      |
[   52.497642] cloud-init[940]: | * X . +         |
[0;32m  OK  [0m] Started Daily apt download activities.
[[   52.497745] cloud-init[940]: |  *.. . .        |
[   52.546443] cloud-init[940]: +----[SHA256]-----+
[0;32m  OK  [0m] Started Daily apt upgrade and clean activities.
[   52.546542] cloud-init[940]: Generating public/private dsa key pair.
[   52.687677] cloud-init[940]: Your identification has been saved in /etc/ssh/ssh_host_dsa_key.
[[0;32m  OK  [0m] Reached target Timers.
[   52.687846] cloud-init[940]: Your public key has been saved in /etc/ssh/ssh_host_dsa_key.pub.
[   53.193057] cloud-init[940]: The key fingerprint is:
[   53.193383] cloud-init[940]: SHA256:B295VBT49yaE8xUr22op7kH6mHOf8qMV0X+9uN4LvhU root@ubuntu-xenial
[[0;32m  OK  [0m] Listening on LXD - unix socket.
[[   53.193523] cloud-init[940]: The key's randomart image is:
[   53.562331] cloud-init[940]: +---[DSA 1024]----+
[0;32m  OK  [0m] Listening on Socket activation for snappy daemon.
[   53.562431] cloud-init[940]: |             o+. |
[   53.748436] cloud-init[940]: |            .... |
[   53.748761] cloud-init[940]: |        .   .+ .o|
[[0;32m  OK  [0m] Started iSCSI initiator daemon (iscsid).
[   53.748905] cloud-init[940]: |         o oo.+.=|
[   53.948945] cloud-init[940]: |        S =..=+E=|
[   53.949278] cloud-init[940]: |         oo. .=.*|
         Starting Login to default iSCSI targets...
[   53.949411] cloud-init[940]: |         . . +o= |
[   54.117604] cloud-init[940]: |         .+++=*  |
[[0;32m  OK  [0m] Reached target Sockets.
[   54.117777] cloud-init[940]: |         o==OOoo.|
[   54.185235] cloud-init[940]: +----[SHA256]-----+
[[0;32m  OK  [0m] Reached target Basic System.
[   54.185442] cloud-init[940]: Generating public/private ecdsa key pair.
[   54.412418] cloud-init[940]: Your identification has been saved in /etc/ssh/ssh_host_ecdsa_key.
[   54.412724] cloud-init[940]: Your public key has been saved in /etc/ssh/ssh_host_ecdsa_key.pub.
[   54.412890] cloud-init[940]: The key fingerprint is:
[   54.413033] cloud-init[940]: SHA256:Oek6lVmgoHEIhTIUMhvjl+NU3tWpgElEFmJiq5BRn7c root@ubuntu-xenial
[   54.413174] cloud-init[940]: The key's randomart image is:
[   54.413321] cloud-init[940]: +---[ECDSA 256]---+
[   54.413472] cloud-init[940]: |OX+++B+  .. .    |
[   54.413618] cloud-init[940]: |BB*.O+..o  o     |
[   54.413769] cloud-init[940]: |=+ Ooo.o...      |
[[0;32m  OK  [0m] Started D-Bus System Message Bus.
[   54.413944] cloud-init[940]: |o = .... +.      |
[   54.700926] cloud-init[940]: |.  .  E S+       |
[   54.701248] cloud-init[940]: |       .+.       |
[[0;32m  OK  [0m] Started ACPI event daemon.
[   54.701446] cloud-init[940]: |       ..        |
[   54.823562] cloud-init[940]: |      ..         |
[   54.823923]          Starting System Logging Service...
cloud-init[940]: |      ..         |
[   54.877044] cloud-init[940]: +----[SHA256]-----+
[   54.877457] cloud-init[940]: Generating public/private ed25519 key pair.
         Starting Apply the settings specified in cloud-config...
[   54.877686] cloud-init[940]: Your identification has been saved in /etc/ssh/ssh_host_ed25519_key.
[   55.045167] cloud-init[940]: Your public key has been saved in /etc/ssh/ssh_host_ed25519_key.pub.
[[0;32m  OK  [0m] Started Regular background program processing daemon.
[[0;32m  OK  [0m] Started Unattended Upgrades Shutdown.
[   55.121053] cloud-init[940]: The key fingerprint is:
[   55.176947] cloud-init[940]: SHA256:mYRdbM9uSKBA92H49h7m7YyIRiGfH3irKp2gfUlQzAc root@ubuntu-xenial
         Starting Login Service...
[   55.250900] cloud-init[940]: The key's randomart image is:
[   55.312907]          cloud-initStarting /etc/rc.local Compatibility...[940]: 
+--[ED25519 256]--+
[   55.368662]          cloud-initStarting Snappy daemon...[940]: 
|   +E...o..      |
[   55.401731]          cloud-initStarting Pollinate to seed the pseudo random number generator...[940]: 
|    =.o=.oo      |
[   55.480869]          cloud-initStarting Accounts Service...[940]: 
|   . o.o+o o     |
[   55.486998] cloud-init[940]: |  . . o.oo. o    |
[   55.495469] cloud-init[940]: |   . o =So o     |
[   55.498435] cloud-init[940]: |  . . = o = o    |
[   55.536734]          cloud-initStarting LSB: MD monitoring daemon...[940]: 
| o + + o * +     |
[   55.592521]          cloud-initStarting LSB: Record successful boot for GRUB...[940]: 
|. o = ..o.oo.    |
[[0;32m  OK  [0m] Started Deferred execution scheduler.
[   55.605543] cloud-init[940]: |   o.oo.. ..o    |
[   55.684348] [cloud-init[0;32m  OK  [0m[940]: ] +----[SHA256]-----+Started FUSE filesystem for LXC.

[   55.688770] cloud-init[1050]: Generating locales (this might take a while)...
         Starting LXD - container startup/shutdown...
[[0;32m  OK  [0m] Started System Logging Service.
[[0;32m  OK  [0m] Started Snappy daemon.
[[0;32m  OK  [0m] Started /etc/rc.local Compatibility.
[[0;32m  OK  [0m] Started LXD - container startup/shutdown.
[[0;32m  OK  [0m] Started Login to default iSCSI targets.
[[0;32m  OK  [0m] Started LSB: MD monitoring daemon.
[[0;32m  OK  [0m] Started LSB: Record successful boot for GRUB.
[[0;32m  OK  [0m] Started Login Service.
         Starting Authenticate and Authorize Users to Run Privileged Tasks...
[[0;32m  OK  [0m] Reached target Remote File Systems (Pre).
[[0;32m  OK  [0m] Reached target Remote File Systems.
         Starting LSB: Set the CPU Frequency Scaling governor to "ondemand"...
         Starting LSB: daemon to balance interrupts for SMP systems...
         Starting Permit User Sessions...
         Starting LSB: VirtualBox Linux Additions...
         Starting LSB: automatic crash report generation...
[[0;32m  OK  [0m] Started Permit User Sessions.
[[0;32m  OK  [0m] Started Authenticate and Authorize Users to Run Privileged Tasks.
[[0;32m  OK  [0m] Started Accounts Service.
[[0;32m  OK  [0m] Started LSB: Set the CPU Frequency Scaling governor to "ondemand".
[[0;32m  OK  [0m] Started Pollinate to seed the pseudo random number generator.
         Starting OpenBSD Secure Shell server...
         Starting Hold until boot process finishes up...
         Starting Terminate Plymouth Boot Screen...
[[0;32m  OK  [0m] Started OpenBSD Secure Shell server.
[[0;32m  OK  [0m] Started LSB: daemon to balance interrupts for SMP systems.
[[0;32m  OK  [0m] Started LSB: VirtualBox Linux Additions.
[   56.744358] cloud-init[1050]:   en_US.UTF-8... done
[   56.772804] cloud-init[1050]: Generation complete.
[[0;32m  OK  [0m] Started LSB: automatic crash report generation.
[[0;32m  OK  [0m] Started Hold until boot process finishes up.
[[0;32m  OK  [0m] Started Terminate Plymouth Boot Screen.
[[0;32m  OK  [0m] Started Serial Getty on ttyS0.
[[0;32m  OK  [0m] Started Getty on tty1.
[[0;32m  OK  [0m] Reached target Login Prompts.
         Starting Set console scheme...
[[0;32m  OK  [0m] Reached target Multi-User System.
[[0;32m  OK  [0m] Reached target Graphical Interface.
         Starting Update UTMP about System Runlevel Changes...
[   57.098612] cloud-init[1050]: Cloud-init v. 17.1 running 'modules:config' at Wed, 07 Feb 2018 04:55:39 +0000. Up 55.16 seconds.
[[0;32m  OK  [0m] Started Set console scheme.
[[0;32m  OK  [0m] Started Apply the settings specified in cloud-config.
[[0;32m  OK  [0m] Started Update UTMP about System Runlevel Changes.
         Starting Execute cloud user/final scripts...
[[0;32m  OK  [0m] Created slice User Slice of vagrant.
         Starting User Manager for UID 1000...
[[0;32m  OK  [0m] Started User Manager for UID 1000.
ci-info: no authorized ssh keys fingerprints found for user ubuntu.
[[0;32m  OK  [0m] Started Session 1 of user vagrant.
<14>Feb  7 04:55:42 ec2: 
<14>Feb  7 04:55:42 ec2: #############################################################
<14>Feb  7 04:55:42 ec2: -----BEGIN SSH HOST KEY FINGERPRINTS-----
<14>Feb  7 04:55:42 ec2: 1024 SHA256:B295VBT49yaE8xUr22op7kH6mHOf8qMV0X+9uN4LvhU root@ubuntu-xenial (DSA)
<14>Feb  7 04:55:42 ec2: 256 SHA256:Oek6lVmgoHEIhTIUMhvjl+NU3tWpgElEFmJiq5BRn7c root@ubuntu-xenial (ECDSA)
<14>Feb  7 04:55:42 ec2: 256 SHA256:mYRdbM9uSKBA92H49h7m7YyIRiGfH3irKp2gfUlQzAc root@ubuntu-xenial (ED25519)
<14>Feb  7 04:55:42 ec2: 2048 SHA256:n4iPoRhb4htj8pECRoTeM3OggrcQl8fHeQIXDRIPAUg root@ubuntu-xenial (RSA)
<14>Feb  7 04:55:42 ec2: -----END SSH HOST KEY FINGERPRINTS-----
<14>Feb  7 04:55:42 ec2: #############################################################
-----BEGIN SSH HOST KEY KEYS-----
ecdsa-sha2-nistp256 AAAAE2VjZHNhLXNoYTItbmlzdHAyNTYAAAAIbmlzdHAyNTYAAABBBJ9VtWZ3GFiDn4NbtS3Tz/dE3hGqdnvoEaCA5Dr1OvHHoubbpU1MonpUFHsEo9GNBEt7x2Z6aAq2byKalyf/Gy4= root@ubuntu-xenial
ssh-ed25519 AAAAC3NzaC1lZDI1NTE5AAAAIJh+BQIU4D55ZgMS596ziUeieNuMFZb7rZxMycte5mXO root@ubuntu-xenial
ssh-rsa AAAAB3NzaC1yc2EAAAADAQABAAABAQDgJKmiJOsLRQ8BgxOfJZiaEQgMyx9pPpw9KwvunOwA7z19YI2PxWnp5x2FIYAXivDw2W3+y4lX889CjpGbVxSifu8td6yXIe8pjD5uXO1dhmdTYhD/v1AKOl+7X+HDDvaTkoCB5SmjI/VnuHTZVm40ERWayuJpaNyepkvem229AlcFowOepPatJpoX9S2JohdpjNvtr/KHz5tvqlCNtRTLXGQyGt5/IBVAFRNw21bLdxy+j3953Lx7Wg/jsIcTefJik3ZdwAtiixpkeWskI4A+m0FsnI5TdlNgFK58b81+f+/5ksvK/MqBUVKHO1UpGBGGTNqLXztBInedT9Sw/U+j root@ubuntu-xenial
-----END SSH HOST KEY KEYS-----
[   58.898380] cloud-init[1297]: Cloud-init v. 17.1 running 'modules:final' at Wed, 07 Feb 2018 04:55:42 +0000. Up 57.87 seconds.
[   59.007568] cloud-init[1297]: ci-info: no authorized ssh keys fingerprints found for user ubuntu.
[   59.036817] cloud-init[1297]: Cloud-init v. 17.1 finished at Wed, 07 Feb 2018 04:55:43 +0000. Datasource DataSourceNoCloud [seed=/dev/sdb][dsmode=net].  Up 58.88 seconds
[[0;32m  OK  [0m] Started Execute cloud user/final scripts.
[[0;32m  OK  [0m] Reached target Cloud-init target.

Ubuntu 16.04.3 LTS ubuntu-xenial ttyS0

ubuntu-xenial login: 